<?xml version="1.0" encoding="UTF-8" ?>
<testsuite tests="7" failures="0" name="com.sample.wishlist.api.generated.DefaultWishlistsResourceTest" time="1.508" errors="7" skipped="0">
  <properties>
[...]
</properties>
  <testcase classname="com.sample.wishlist.api.generated.DefaultWishlistsResourceTest" name="testPutByWishlistIdWithWishlist" time="1.047">
    <error message="Error creating bean with name &apos;apiWishlistsResource&apos;: Injection of autowired dependencies failed; nested exception is org.springframework.beans.factory.BeanCreationException: Could not autowire field: private com.sample.wishlist.client.document.DocumentClient com.sample.wishlist.api.generated.DefaultWishlistsResource.documentClient; nested exception is org.springframework.beans.factory.CannotLoadBeanClassException: Cannot find class [com.sample.wishlist.client.documentrepository.DocumentClient] for bean with name &apos;documentClient&apos; defined in class path resource [META-INF/applicationContext.xml]; nested exception is java.lang.ClassNotFoundException: com.sample.wishlist.client.documentrepository.DocumentClient" type="org.springframework.beans.factory.BeanCreationException">org.springframework.beans.factory.BeanCreationException: Error creating bean with name &apos;apiWishlistsResource&apos;: Injection of autowired dependencies failed; nested exception is org.springframework.beans.factory.BeanCreationException: Could not autowire field: private com.sample.wishlist.client.document.DocumentClient com.sample.wishlist.api.generated.DefaultWishlistsResource.documentClient; nested exception is org.springframework.beans.factory.CannotLoadBeanClassException: Cannot find class [com.sample.wishlist.client.documentrepository.DocumentClient] for bean with name &apos;documentClient&apos; defined in class path resource [META-INF/applicationContext.xml]; nested exception is java.lang.ClassNotFoundException: com.sample.wishlist.client.documentrepository.DocumentClient
	at org.springframework.beans.factory.annotation.AutowiredAnnotationBeanPostProcessor.postProcessPropertyValues(AutowiredAnnotationBeanPostProcessor.java:334)
	at org.springframework.beans.factory.support.AbstractAutowireCapableBeanFactory.populateBean(AbstractAutowireCapableBeanFactory.java:1214)
	at org.springframework.beans.factory.support.AbstractAutowireCapableBeanFactory.doCreateBean(AbstractAutowireCapableBeanFactory.java:543)
	at org.springframework.beans.factory.support.AbstractAutowireCapableBeanFactory.createBean(AbstractAutowireCapableBeanFactory.java:482)
	at org.springframework.beans.factory.support.AbstractBeanFactory$1.getObject(AbstractBeanFactory.java:305)
	at org.springframework.beans.factory.support.DefaultSingletonBeanRegistry.getSingleton(DefaultSingletonBeanRegistry.java:230)
	at org.springframework.beans.factory.support.AbstractBeanFactory.doGetBean(AbstractBeanFactory.java:301)
	at org.springframework.beans.factory.support.AbstractBeanFactory.getBean(AbstractBeanFactory.java:196)
	at org.springframework.beans.factory.support.DefaultListableBeanFactory.preInstantiateSingletons(DefaultListableBeanFactory.java:772)
	at org.springframework.context.support.AbstractApplicationContext.finishBeanFactoryInitialization(AbstractApplicationContext.java:834)
	at org.springframework.context.support.AbstractApplicationContext.refresh(AbstractApplicationContext.java:537)
	at org.springframework.context.support.ClassPathXmlApplicationContext.&lt;init&gt;(ClassPathXmlApplicationContext.java:139)
	at org.springframework.context.support.ClassPathXmlApplicationContext.&lt;init&gt;(ClassPathXmlApplicationContext.java:93)
	at org.glassfish.jersey.server.spring.SpringComponentProvider.createXmlSpringConfiguration(SpringComponentProvider.java:173)
	at org.glassfish.jersey.server.spring.SpringComponentProvider.createSpringContext(SpringComponentProvider.java:164)
	at org.glassfish.jersey.server.spring.SpringComponentProvider.initialize(SpringComponentProvider.java:99)
	at org.glassfish.jersey.server.ApplicationHandler$4.get(ApplicationHandler.java:407)
	at org.glassfish.jersey.server.ApplicationHandler$4.get(ApplicationHandler.java:398)
	at org.glassfish.jersey.internal.util.collection.Values$LazyValueImpl.get(Values.java:340)
	at org.glassfish.jersey.server.ApplicationHandler$3.call(ApplicationHandler.java:349)
	at org.glassfish.jersey.server.ApplicationHandler$3.call(ApplicationHandler.java:346)
	at org.glassfish.jersey.internal.Errors.process(Errors.java:315)
	at org.glassfish.jersey.internal.Errors.process(Errors.java:297)
	at org.glassfish.jersey.internal.Errors.processWithException(Errors.java:255)
	at org.glassfish.jersey.server.ApplicationHandler.&lt;init&gt;(ApplicationHandler.java:346)
	at org.glassfish.jersey.server.ApplicationHandler.&lt;init&gt;(ApplicationHandler.java:310)
	at org.glassfish.jersey.grizzly2.httpserver.GrizzlyHttpContainer.&lt;init&gt;(GrizzlyHttpContainer.java:331)
	at org.glassfish.jersey.grizzly2.httpserver.GrizzlyHttpServerFactory.createHttpServer(GrizzlyHttpServerFactory.java:139)
	at org.glassfish.jersey.test.grizzly.GrizzlyTestContainerFactory$GrizzlyTestContainer.&lt;init&gt;(GrizzlyTestContainerFactory.java:82)
	at org.glassfish.jersey.test.grizzly.GrizzlyTestContainerFactory$GrizzlyTestContainer.&lt;init&gt;(GrizzlyTestContainerFactory.java:66)
	at org.glassfish.jersey.test.grizzly.GrizzlyTestContainerFactory.create(GrizzlyTestContainerFactory.java:130)
	at org.glassfish.jersey.test.JerseyTest.createTestContainer(JerseyTest.java:277)
	at org.glassfish.jersey.test.JerseyTest.setUp(JerseyTest.java:609)
	at sun.reflect.NativeMethodAccessorImpl.invoke0(Native Method)
	at sun.reflect.NativeMethodAccessorImpl.invoke(NativeMethodAccessorImpl.java:62)
	at sun.reflect.DelegatingMethodAccessorImpl.invoke(DelegatingMethodAccessorImpl.java:43)
	at java.lang.reflect.Method.invoke(Method.java:497)
	at org.junit.runners.model.FrameworkMethod$1.runReflectiveCall(FrameworkMethod.java:50)
	at org.junit.internal.runners.model.ReflectiveCallable.run(ReflectiveCallable.java:12)
	at org.junit.runners.model.FrameworkMethod.invokeExplosively(FrameworkMethod.java:47)
	at org.junit.internal.runners.statements.RunBefores.evaluate(RunBefores.java:24)
	at org.junit.internal.runners.statements.RunAfters.evaluate(RunAfters.java:27)
	at org.junit.runners.ParentRunner.runLeaf(ParentRunner.java:325)
	at org.junit.runners.BlockJUnit4ClassRunner.runChild(BlockJUnit4ClassRunner.java:78)
	at org.junit.runners.BlockJUnit4ClassRunner.runChild(BlockJUnit4ClassRunner.java:57)
	at org.junit.runners.ParentRunner$3.run(ParentRunner.java:290)
	at org.junit.runners.ParentRunner$1.schedule(ParentRunner.java:71)
	at org.junit.runners.ParentRunner.runChildren(ParentRunner.java:288)
	at org.junit.runners.ParentRunner.access$000(ParentRunner.java:58)
	at org.junit.runners.ParentRunner$2.evaluate(ParentRunner.java:268)
	at org.junit.runners.ParentRunner.run(ParentRunner.java:363)
	at org.apache.maven.surefire.junit4.JUnit4Provider.execute(JUnit4Provider.java:252)
	at org.apache.maven.surefire.junit4.JUnit4Provider.executeTestSet(JUnit4Provider.java:141)
	at org.apache.maven.surefire.junit4.JUnit4Provider.invoke(JUnit4Provider.java:112)
	at sun.reflect.NativeMethodAccessorImpl.invoke0(Native Method)
	at sun.reflect.NativeMethodAccessorImpl.invoke(NativeMethodAccessorImpl.java:62)
	at sun.reflect.DelegatingMethodAccessorImpl.invoke(DelegatingMethodAccessorImpl.java:43)
	at java.lang.reflect.Method.invoke(Method.java:497)
	at org.apache.maven.surefire.util.ReflectionUtils.invokeMethodWithArray(ReflectionUtils.java:189)
	at org.apache.maven.surefire.booter.ProviderFactory$ProviderProxy.invoke(ProviderFactory.java:165)
	at org.apache.maven.surefire.booter.ProviderFactory.invokeProvider(ProviderFactory.java:85)
	at org.apache.maven.surefire.booter.ForkedBooter.runSuitesInProcess(ForkedBooter.java:115)
	at org.apache.maven.surefire.booter.ForkedBooter.main(ForkedBooter.java:75)
Caused by: org.springframework.beans.factory.BeanCreationException: Could not autowire field: private com.sample.wishlist.client.document.DocumentClient com.sample.wishlist.api.generated.DefaultWishlistsResource.documentClient; nested exception is org.springframework.beans.factory.CannotLoadBeanClassException: Cannot find class [com.sample.wishlist.client.documentrepository.DocumentClient] for bean with name &apos;documentClient&apos; defined in class path resource [META-INF/applicationContext.xml]; nested exception is java.lang.ClassNotFoundException: com.sample.wishlist.client.documentrepository.DocumentClient
	at org.springframework.beans.factory.annotation.AutowiredAnnotationBeanPostProcessor$AutowiredFieldElement.inject(AutowiredAnnotationBeanPostProcessor.java:571)
	at org.springframework.beans.factory.annotation.InjectionMetadata.inject(InjectionMetadata.java:88)
	at org.springframework.beans.factory.annotation.AutowiredAnnotationBeanPostProcessor.postProcessPropertyValues(AutowiredAnnotationBeanPostProcessor.java:331)
	... 62 more
Caused by: org.springframework.beans.factory.CannotLoadBeanClassException: Cannot find class [com.sample.wishlist.client.documentrepository.DocumentClient] for bean with name &apos;documentClient&apos; defined in class path resource [META-INF/applicationContext.xml]; nested exception is java.lang.ClassNotFoundException: com.sample.wishlist.client.documentrepository.DocumentClient
	at org.springframework.beans.factory.support.AbstractBeanFactory.resolveBeanClass(AbstractBeanFactory.java:1351)
	at org.springframework.beans.factory.support.AbstractAutowireCapableBeanFactory.determineTargetType(AbstractAutowireCapableBeanFactory.java:628)
	at org.springframework.beans.factory.support.AbstractAutowireCapableBeanFactory.predictBeanType(AbstractAutowireCapableBeanFactory.java:597)
	at org.springframework.beans.factory.support.AbstractBeanFactory.isFactoryBean(AbstractBeanFactory.java:1444)
	at org.springframework.beans.factory.support.DefaultListableBeanFactory.doGetBeanNamesForType(DefaultListableBeanFactory.java:445)
	at org.springframework.beans.factory.support.DefaultListableBeanFactory.getBeanNamesForType(DefaultListableBeanFactory.java:423)
	at org.springframework.beans.factory.BeanFactoryUtils.beanNamesForTypeIncludingAncestors(BeanFactoryUtils.java:220)
	at org.springframework.beans.factory.support.DefaultListableBeanFactory.findAutowireCandidates(DefaultListableBeanFactory.java:1130)
	at org.springframework.beans.factory.support.DefaultListableBeanFactory.doResolveDependency(DefaultListableBeanFactory.java:1069)
	at org.springframework.beans.factory.support.DefaultListableBeanFactory.resolveDependency(DefaultListableBeanFactory.java:967)
	at org.springframework.beans.factory.annotation.AutowiredAnnotationBeanPostProcessor$AutowiredFieldElement.inject(AutowiredAnnotationBeanPostProcessor.java:543)
	... 64 more
Caused by: java.lang.ClassNotFoundException: com.sample.wishlist.client.documentrepository.DocumentClient
	at java.net.URLClassLoader.findClass(URLClassLoader.java:381)
	at java.lang.ClassLoader.loadClass(ClassLoader.java:424)
	at sun.misc.Launcher$AppClassLoader.loadClass(Launcher.java:331)
	at java.lang.ClassLoader.loadClass(ClassLoader.java:357)
	at org.springframework.util.ClassUtils.forName(ClassUtils.java:250)
	at org.springframework.beans.factory.support.AbstractBeanDefinition.resolveBeanClass(AbstractBeanDefinition.java:394)
	at org.springframework.beans.factory.support.AbstractBeanFactory.doResolveBeanClass(AbstractBeanFactory.java:1396)
	at org.springframework.beans.factory.support.AbstractBeanFactory.resolveBeanClass(AbstractBeanFactory.java:1343)
	... 74 more
</error>
    <system-out>10:24:22,477 |-INFO in ch.qos.logback.classic.LoggerContext[yaasLogger] - Could NOT find resource [logback.groovy]
10:24:22,477 |-INFO in ch.qos.logback.classic.LoggerContext[yaasLogger] - Could NOT find resource [logback-test.xml]
10:24:22,477 |-INFO in ch.qos.logback.classic.LoggerContext[yaasLogger] - Found resource [logback.xml] at [jar:file:/C:/Users/Sulsj/.m2/repository/com/sap/cloud/yaas/service-sdk/service-sdk-logging/4.3.4/service-sdk-logging-4.3.4.jar!/logback.xml]
10:24:22,487 |-INFO in ch.qos.logback.core.joran.spi.ConfigurationWatchList@7690781 - URL [jar:file:/C:/Users/Sulsj/.m2/repository/com/sap/cloud/yaas/service-sdk/service-sdk-logging/4.3.4/service-sdk-logging-4.3.4.jar!/logback.xml] is not of type file
10:24:22,521 |-INFO in ch.qos.logback.classic.joran.action.ConfigurationAction - debug attribute not set
10:24:22,527 |-INFO in ch.qos.logback.core.joran.util.ConfigurationWatchListUtil@77eca502 - Adding [jar:file:/C:/Users/Sulsj/.m2/repository/com/sap/cloud/yaas/service-sdk/service-sdk-logging/4.3.4/service-sdk-logging-4.3.4.jar!/logback-include-setup.xml] to configuration watch list.
10:24:22,527 |-INFO in ch.qos.logback.core.joran.spi.ConfigurationWatchList@7690781 - URL [jar:file:/C:/Users/Sulsj/.m2/repository/com/sap/cloud/yaas/service-sdk/service-sdk-logging/4.3.4/service-sdk-logging-4.3.4.jar!/logback-include-setup.xml] is not of type file
10:24:22,529 |-INFO in ch.qos.logback.classic.joran.action.ContextNameAction - Setting logger context name as [yaasLogger]
10:24:22,529 |-INFO in ch.qos.logback.classic.joran.action.LoggerContextListenerAction - Adding LoggerContextListener of type [ch.qos.logback.classic.jul.LevelChangePropagator] to the object stack
10:24:22,530 |-INFO in ch.qos.logback.classic.jul.LevelChangePropagator@3246fb96 - Propagating DEBUG level on Logger[ROOT] onto the JUL framework
10:24:22,530 |-INFO in ch.qos.logback.classic.joran.action.LoggerContextListenerAction - Starting LoggerContextListener
10:24:22,531 |-INFO in ch.qos.logback.core.joran.action.StatusListenerAction - Added status listener of type [ch.qos.logback.core.status.OnConsoleStatusListener]
10:24:22,536 |-INFO in ch.qos.logback.core.joran.util.ConfigurationWatchListUtil@77eca502 - Adding [jar:file:/C:/Users/Sulsj/.m2/repository/com/sap/cloud/yaas/service-sdk/service-sdk-logging/4.3.4/service-sdk-logging-4.3.4.jar!/logback-include-appenders.xml] to configuration watch list.
10:24:22,536 |-INFO in ch.qos.logback.core.joran.spi.ConfigurationWatchList@7690781 - URL [jar:file:/C:/Users/Sulsj/.m2/repository/com/sap/cloud/yaas/service-sdk/service-sdk-logging/4.3.4/service-sdk-logging-4.3.4.jar!/logback-include-appenders.xml] is not of type file
10:24:22,698 |-INFO in ch.qos.logback.core.joran.util.ConfigurationWatchListUtil@77eca502 - Adding [jar:file:/C:/Users/Sulsj/.m2/repository/com/sap/cloud/yaas/service-sdk/service-sdk-logging/4.3.4/service-sdk-logging-4.3.4.jar!/logback-include-appender-plain.xml] to configuration watch list.
10:24:22,698 |-INFO in ch.qos.logback.core.joran.spi.ConfigurationWatchList@7690781 - URL [jar:file:/C:/Users/Sulsj/.m2/repository/com/sap/cloud/yaas/service-sdk/service-sdk-logging/4.3.4/service-sdk-logging-4.3.4.jar!/logback-include-appender-plain.xml] is not of type file
10:24:22,700 |-INFO in ch.qos.logback.core.joran.action.AppenderAction - About to instantiate appender of type [com.sap.cloud.yaas.servicesdk.logging.JansiAwareConsoleAppender]
10:24:22,702 |-INFO in ch.qos.logback.core.joran.action.AppenderAction - Naming appender as [STDOUT]
10:24:22,742 |-INFO in com.sap.cloud.yaas.servicesdk.logging.JansiAwareConsoleAppender[STDOUT] - Enabling JANSI WindowsAnsiOutputStream for the console.
10:24:22,799 |-WARN in com.sap.cloud.yaas.servicesdk.logging.JansiAwareConsoleAppender[STDOUT] - Failed to create WindowsAnsiOutputStream. Falling back on the default stream.
10:24:22,799 |-INFO in ch.qos.logback.core.joran.util.ConfigurationWatchListUtil@77eca502 - Adding [jar:file:/C:/Users/Sulsj/.m2/repository/com/sap/cloud/yaas/service-sdk/service-sdk-logging/4.3.4/service-sdk-logging-4.3.4.jar!/logback-include-loggers.xml] to configuration watch list.
10:24:22,800 |-INFO in ch.qos.logback.core.joran.spi.ConfigurationWatchList@7690781 - URL [jar:file:/C:/Users/Sulsj/.m2/repository/com/sap/cloud/yaas/service-sdk/service-sdk-logging/4.3.4/service-sdk-logging-4.3.4.jar!/logback-include-loggers.xml] is not of type file
10:24:22,801 |-INFO in ch.qos.logback.classic.joran.action.LoggerAction - Setting level of logger [com.sap.cloud.yaas] to DEBUG
10:24:22,801 |-INFO in ch.qos.logback.classic.jul.LevelChangePropagator@3246fb96 - Propagating DEBUG level on Logger[com.sap.cloud.yaas] onto the JUL framework
10:24:22,802 |-INFO in ch.qos.logback.classic.joran.action.LoggerAction - Setting level of logger [com.hybris] to DEBUG
10:24:22,802 |-INFO in ch.qos.logback.classic.jul.LevelChangePropagator@3246fb96 - Propagating DEBUG level on Logger[com.hybris] onto the JUL framework
10:24:22,802 |-INFO in ch.qos.logback.core.joran.util.ConfigurationWatchListUtil@77eca502 - Adding [file:/c:/opensap/wishlist/target/classes/logback-include-custom.xml] to configuration watch list.
10:24:22,804 |-INFO in ch.qos.logback.classic.joran.action.LoggerAction - Setting level of logger [com.sample.wishlist] to DEBUG
10:24:22,804 |-INFO in ch.qos.logback.classic.jul.LevelChangePropagator@3246fb96 - Propagating DEBUG level on Logger[com.sample.wishlist] onto the JUL framework
10:24:22,804 |-INFO in ch.qos.logback.core.joran.util.ConfigurationWatchListUtil@77eca502 - Adding [jar:file:/C:/Users/Sulsj/.m2/repository/com/sap/cloud/yaas/service-sdk/service-sdk-logging/4.3.4/service-sdk-logging-4.3.4.jar!/logback-include-root.xml] to configuration watch list.
10:24:22,805 |-INFO in ch.qos.logback.core.joran.spi.ConfigurationWatchList@7690781 - URL [jar:file:/C:/Users/Sulsj/.m2/repository/com/sap/cloud/yaas/service-sdk/service-sdk-logging/4.3.4/service-sdk-logging-4.3.4.jar!/logback-include-root.xml] is not of type file
10:24:22,806 |-INFO in ch.qos.logback.classic.joran.action.RootLoggerAction - Setting level of ROOT logger to WARN
10:24:22,806 |-INFO in ch.qos.logback.classic.jul.LevelChangePropagator@3246fb96 - Propagating WARN level on Logger[ROOT] onto the JUL framework
10:24:22,806 |-INFO in ch.qos.logback.core.joran.action.AppenderRefAction - Attaching appender named [STDOUT] to Logger[ROOT]
10:24:22,806 |-INFO in ch.qos.logback.classic.joran.action.ConfigurationAction - End of configuration.
10:24:22,807 |-INFO in ch.qos.logback.classic.joran.JoranConfigurator@5e3f861 - Registering current configuration as safe fallback point
10:24:23 &amp;#27;[31m[WARN ]&amp;#27;[0;39m &amp;#27;[36m[o.s.c.s.ClassPathXmlApplicationContext]&amp;#27;[0;39m &amp;#27;[35m[]&amp;#27;[0;39m &amp;#27;[1;34m&amp;#27;[0;39mException encountered during context initialization - cancelling refresh attempt
org.springframework.beans.factory.BeanCreationException: Error creating bean with name &apos;apiWishlistsResource&apos;: Injection of autowired dependencies failed; nested exception is org.springframework.beans.factory.BeanCreationException: Could not autowire field: private com.sample.wishlist.client.document.DocumentClient com.sample.wishlist.api.generated.DefaultWishlistsResource.documentClient; nested exception is org.springframework.beans.factory.CannotLoadBeanClassException: Cannot find class [com.sample.wishlist.client.documentrepository.DocumentClient] for bean with name &apos;documentClient&apos; defined in class path resource [META-INF/applicationContext.xml]; nested exception is java.lang.ClassNotFoundException: com.sample.wishlist.client.documentrepository.DocumentClient
	at org.springframework.beans.factory.annotation.AutowiredAnnotationBeanPostProcessor.postProcessPropertyValues(AutowiredAnnotationBeanPostProcessor.java:334) ~[spring-beans-4.2.0.RELEASE.jar:4.2.0.RELEASE]
	at org.springframework.beans.factory.support.AbstractAutowireCapableBeanFactory.populateBean(AbstractAutowireCapableBeanFactory.java:1214) ~[spring-beans-4.2.0.RELEASE.jar:4.2.0.RELEASE]
	at org.springframework.beans.factory.support.AbstractAutowireCapableBeanFactory.doCreateBean(AbstractAutowireCapableBeanFactory.java:543) ~[spring-beans-4.2.0.RELEASE.jar:4.2.0.RELEASE]
	at org.springframework.beans.factory.support.AbstractAutowireCapableBeanFactory.createBean(AbstractAutowireCapableBeanFactory.java:482) ~[spring-beans-4.2.0.RELEASE.jar:4.2.0.RELEASE]
	at org.springframework.beans.factory.support.AbstractBeanFactory$1.getObject(AbstractBeanFactory.java:305) ~[spring-beans-4.2.0.RELEASE.jar:4.2.0.RELEASE]
	at org.springframework.beans.factory.support.DefaultSingletonBeanRegistry.getSingleton(DefaultSingletonBeanRegistry.java:230) ~[spring-beans-4.2.0.RELEASE.jar:4.2.0.RELEASE]
	at org.springframework.beans.factory.support.AbstractBeanFactory.doGetBean(AbstractBeanFactory.java:301) ~[spring-beans-4.2.0.RELEASE.jar:4.2.0.RELEASE]
	at org.springframework.beans.factory.support.AbstractBeanFactory.getBean(AbstractBeanFactory.java:196) ~[spring-beans-4.2.0.RELEASE.jar:4.2.0.RELEASE]
	at org.springframework.beans.factory.support.DefaultListableBeanFactory.preInstantiateSingletons(DefaultListableBeanFactory.java:772) ~[spring-beans-4.2.0.RELEASE.jar:4.2.0.RELEASE]
	at org.springframework.context.support.AbstractApplicationContext.finishBeanFactoryInitialization(AbstractApplicationContext.java:834) ~[spring-context-4.2.0.RELEASE.jar:4.2.0.RELEASE]
	at org.springframework.context.support.AbstractApplicationContext.refresh(AbstractApplicationContext.java:537) ~[spring-context-4.2.0.RELEASE.jar:4.2.0.RELEASE]
	at org.springframework.context.support.ClassPathXmlApplicationContext.&lt;init&gt;(ClassPathXmlApplicationContext.java:139) [spring-context-4.2.0.RELEASE.jar:4.2.0.RELEASE]
	at org.springframework.context.support.ClassPathXmlApplicationContext.&lt;init&gt;(ClassPathXmlApplicationContext.java:93) [spring-context-4.2.0.RELEASE.jar:4.2.0.RELEASE]
	at org.glassfish.jersey.server.spring.SpringComponentProvider.createXmlSpringConfiguration(SpringComponentProvider.java:173) [jersey-spring3-2.19.jar:na]
	at org.glassfish.jersey.server.spring.SpringComponentProvider.createSpringContext(SpringComponentProvider.java:164) [jersey-spring3-2.19.jar:na]
	at org.glassfish.jersey.server.spring.SpringComponentProvider.initialize(SpringComponentProvider.java:99) [jersey-spring3-2.19.jar:na]
	at org.glassfish.jersey.server.ApplicationHandler$4.get(ApplicationHandler.java:407) [jersey-server-2.19.jar:na]
	at org.glassfish.jersey.server.ApplicationHandler$4.get(ApplicationHandler.java:398) [jersey-server-2.19.jar:na]
	at org.glassfish.jersey.internal.util.collection.Values$LazyValueImpl.get(Values.java:340) [jersey-common-2.19.jar:na]
	at org.glassfish.jersey.server.ApplicationHandler$3.call(ApplicationHandler.java:349) [jersey-server-2.19.jar:na]
	at org.glassfish.jersey.server.ApplicationHandler$3.call(ApplicationHandler.java:346) [jersey-server-2.19.jar:na]
	at org.glassfish.jersey.internal.Errors.process(Errors.java:315) [jersey-common-2.19.jar:na]
	at org.glassfish.jersey.internal.Errors.process(Errors.java:297) [jersey-common-2.19.jar:na]
	at org.glassfish.jersey.internal.Errors.processWithException(Errors.java:255) [jersey-common-2.19.jar:na]
	at org.glassfish.jersey.server.ApplicationHandler.&lt;init&gt;(ApplicationHandler.java:346) [jersey-server-2.19.jar:na]
	at org.glassfish.jersey.server.ApplicationHandler.&lt;init&gt;(ApplicationHandler.java:310) [jersey-server-2.19.jar:na]
	at org.glassfish.jersey.grizzly2.httpserver.GrizzlyHttpContainer.&lt;init&gt;(GrizzlyHttpContainer.java:331) [jersey-container-grizzly2-http-2.19.jar:na]
	at org.glassfish.jersey.grizzly2.httpserver.GrizzlyHttpServerFactory.createHttpServer(GrizzlyHttpServerFactory.java:139) [jersey-container-grizzly2-http-2.19.jar:na]
	at org.glassfish.jersey.test.grizzly.GrizzlyTestContainerFactory$GrizzlyTestContainer.&lt;init&gt;(GrizzlyTestContainerFactory.java:82) [jersey-test-framework-provider-grizzly2-2.19.jar:na]
	at org.glassfish.jersey.test.grizzly.GrizzlyTestContainerFactory$GrizzlyTestContainer.&lt;init&gt;(GrizzlyTestContainerFactory.java:66) [jersey-test-framework-provider-grizzly2-2.19.jar:na]
	at org.glassfish.jersey.test.grizzly.GrizzlyTestContainerFactory.create(GrizzlyTestContainerFactory.java:130) [jersey-test-framework-provider-grizzly2-2.19.jar:na]
	at org.glassfish.jersey.test.JerseyTest.createTestContainer(JerseyTest.java:277) [jersey-test-framework-core-2.19.jar:na]
	at org.glassfish.jersey.test.JerseyTest.setUp(JerseyTest.java:609) [jersey-test-framework-core-2.19.jar:na]
	at sun.reflect.NativeMethodAccessorImpl.invoke0(Native Method) ~[na:1.8.0_60]
	at sun.reflect.NativeMethodAccessorImpl.invoke(NativeMethodAccessorImpl.java:62) ~[na:1.8.0_60]
	at sun.reflect.DelegatingMethodAccessorImpl.invoke(DelegatingMethodAccessorImpl.java:43) ~[na:1.8.0_60]
	at java.lang.reflect.Method.invoke(Method.java:497) ~[na:1.8.0_60]
	at org.junit.runners.model.FrameworkMethod$1.runReflectiveCall(FrameworkMethod.java:50) [junit-4.12.jar:4.12]
	at org.junit.internal.runners.model.ReflectiveCallable.run(ReflectiveCallable.java:12) [junit-4.12.jar:4.12]
	at org.junit.runners.model.FrameworkMethod.invokeExplosively(FrameworkMethod.java:47) [junit-4.12.jar:4.12]
	at org.junit.internal.runners.statements.RunBefores.evaluate(RunBefores.java:24) [junit-4.12.jar:4.12]
	at org.junit.internal.runners.statements.RunAfters.evaluate(RunAfters.java:27) [junit-4.12.jar:4.12]
	at org.junit.runners.ParentRunner.runLeaf(ParentRunner.java:325) [junit-4.12.jar:4.12]
	at org.junit.runners.BlockJUnit4ClassRunner.runChild(BlockJUnit4ClassRunner.java:78) [junit-4.12.jar:4.12]
	at org.junit.runners.BlockJUnit4ClassRunner.runChild(BlockJUnit4ClassRunner.java:57) [junit-4.12.jar:4.12]
	at org.junit.runners.ParentRunner$3.run(ParentRunner.java:290) [junit-4.12.jar:4.12]
	at org.junit.runners.ParentRunner$1.schedule(ParentRunner.java:71) [junit-4.12.jar:4.12]
	at org.junit.runners.ParentRunner.runChildren(ParentRunner.java:288) [junit-4.12.jar:4.12]
	at org.junit.runners.ParentRunner.access$000(ParentRunner.java:58) [junit-4.12.jar:4.12]
	at org.junit.runners.ParentRunner$2.evaluate(ParentRunner.java:268) [junit-4.12.jar:4.12]
	at org.junit.runners.ParentRunner.run(ParentRunner.java:363) [junit-4.12.jar:4.12]
	at org.apache.maven.surefire.junit4.JUnit4Provider.execute(JUnit4Provider.java:252) [surefire-junit4-2.12.4.jar:2.12.4]
	at org.apache.maven.surefire.junit4.JUnit4Provider.executeTestSet(JUnit4Provider.java:141) [surefire-junit4-2.12.4.jar:2.12.4]
	at org.apache.maven.surefire.junit4.JUnit4Provider.invoke(JUnit4Provider.java:112) [surefire-junit4-2.12.4.jar:2.12.4]
	at sun.reflect.NativeMethodAccessorImpl.invoke0(Native Method) ~[na:1.8.0_60]
	at sun.reflect.NativeMethodAccessorImpl.invoke(NativeMethodAccessorImpl.java:62) ~[na:1.8.0_60]
	at sun.reflect.DelegatingMethodAccessorImpl.invoke(DelegatingMethodAccessorImpl.java:43) ~[na:1.8.0_60]
	at java.lang.reflect.Method.invoke(Method.java:497) ~[na:1.8.0_60]
	at org.apache.maven.surefire.util.ReflectionUtils.invokeMethodWithArray(ReflectionUtils.java:189) [surefire-api-2.12.4.jar:2.12.4]
	at org.apache.maven.surefire.booter.ProviderFactory$ProviderProxy.invoke(ProviderFactory.java:165) [surefire-booter-2.12.4.jar:2.12.4]
	at org.apache.maven.surefire.booter.ProviderFactory.invokeProvider(ProviderFactory.java:85) [surefire-booter-2.12.4.jar:2.12.4]
	at org.apache.maven.surefire.booter.ForkedBooter.runSuitesInProcess(ForkedBooter.java:115) [surefire-booter-2.12.4.jar:2.12.4]
	at org.apache.maven.surefire.booter.ForkedBooter.main(ForkedBooter.java:75) [surefire-booter-2.12.4.jar:2.12.4]
Caused by: org.springframework.beans.factory.BeanCreationException: Could not autowire field: private com.sample.wishlist.client.document.DocumentClient com.sample.wishlist.api.generated.DefaultWishlistsResource.documentClient; nested exception is org.springframework.beans.factory.CannotLoadBeanClassException: Cannot find class [com.sample.wishlist.client.documentrepository.DocumentClient] for bean with name &apos;documentClient&apos; defined in class path resource [META-INF/applicationContext.xml]; nested exception is java.lang.ClassNotFoundException: com.sample.wishlist.client.documentrepository.DocumentClient
	at org.springframework.beans.factory.annotation.AutowiredAnnotationBeanPostProcessor$AutowiredFieldElement.inject(AutowiredAnnotationBeanPostProcessor.java:571) ~[spring-beans-4.2.0.RELEASE.jar:4.2.0.RELEASE]
	at org.springframework.beans.factory.annotation.InjectionMetadata.inject(InjectionMetadata.java:88) ~[spring-beans-4.2.0.RELEASE.jar:4.2.0.RELEASE]
	at org.springframework.beans.factory.annotation.AutowiredAnnotationBeanPostProcessor.postProcessPropertyValues(AutowiredAnnotationBeanPostProcessor.java:331) ~[spring-beans-4.2.0.RELEASE.jar:4.2.0.RELEASE]
	... 62 common frames omitted
Caused by: org.springframework.beans.factory.CannotLoadBeanClassException: Cannot find class [com.sample.wishlist.client.documentrepository.DocumentClient] for bean with name &apos;documentClient&apos; defined in class path resource [META-INF/applicationContext.xml]; nested exception is java.lang.ClassNotFoundException: com.sample.wishlist.client.documentrepository.DocumentClient
	at org.springframework.beans.factory.support.AbstractBeanFactory.resolveBeanClass(AbstractBeanFactory.java:1351) ~[spring-beans-4.2.0.RELEASE.jar:4.2.0.RELEASE]
	at org.springframework.beans.factory.support.AbstractAutowireCapableBeanFactory.determineTargetType(AbstractAutowireCapableBeanFactory.java:628) ~[spring-beans-4.2.0.RELEASE.jar:4.2.0.RELEASE]
	at org.springframework.beans.factory.support.AbstractAutowireCapableBeanFactory.predictBeanType(AbstractAutowireCapableBeanFactory.java:597) ~[spring-beans-4.2.0.RELEASE.jar:4.2.0.RELEASE]
	at org.springframework.beans.factory.support.AbstractBeanFactory.isFactoryBean(AbstractBeanFactory.java:1444) ~[spring-beans-4.2.0.RELEASE.jar:4.2.0.RELEASE]
	at org.springframework.beans.factory.support.DefaultListableBeanFactory.doGetBeanNamesForType(DefaultListableBeanFactory.java:445) ~[spring-beans-4.2.0.RELEASE.jar:4.2.0.RELEASE]
	at org.springframework.beans.factory.support.DefaultListableBeanFactory.getBeanNamesForType(DefaultListableBeanFactory.java:423) ~[spring-beans-4.2.0.RELEASE.jar:4.2.0.RELEASE]
	at org.springframework.beans.factory.BeanFactoryUtils.beanNamesForTypeIncludingAncestors(BeanFactoryUtils.java:220) ~[spring-beans-4.2.0.RELEASE.jar:4.2.0.RELEASE]
	at org.springframework.beans.factory.support.DefaultListableBeanFactory.findAutowireCandidates(DefaultListableBeanFactory.java:1130) ~[spring-beans-4.2.0.RELEASE.jar:4.2.0.RELEASE]
	at org.springframework.beans.factory.support.DefaultListableBeanFactory.doResolveDependency(DefaultListableBeanFactory.java:1069) ~[spring-beans-4.2.0.RELEASE.jar:4.2.0.RELEASE]
	at org.springframework.beans.factory.support.DefaultListableBeanFactory.resolveDependency(DefaultListableBeanFactory.java:967) ~[spring-beans-4.2.0.RELEASE.jar:4.2.0.RELEASE]
	at org.springframework.beans.factory.annotation.AutowiredAnnotationBeanPostProcessor$AutowiredFieldElement.inject(AutowiredAnnotationBeanPostProcessor.java:543) ~[spring-beans-4.2.0.RELEASE.jar:4.2.0.RELEASE]
	... 64 common frames omitted
Caused by: java.lang.ClassNotFoundException: com.sample.wishlist.client.documentrepository.DocumentClient
	at java.net.URLClassLoader.findClass(URLClassLoader.java:381) ~[na:1.8.0_60]
	at java.lang.ClassLoader.loadClass(ClassLoader.java:424) ~[na:1.8.0_60]
	at sun.misc.Launcher$AppClassLoader.loadClass(Launcher.java:331) ~[na:1.8.0_60]
	at java.lang.ClassLoader.loadClass(ClassLoader.java:357) ~[na:1.8.0_60]
	at org.springframework.util.ClassUtils.forName(ClassUtils.java:250) ~[spring-core-4.2.0.RELEASE.jar:4.2.0.RELEASE]
	at org.springframework.beans.factory.support.AbstractBeanDefinition.resolveBeanClass(AbstractBeanDefinition.java:394) ~[spring-beans-4.2.0.RELEASE.jar:4.2.0.RELEASE]
	at org.springframework.beans.factory.support.AbstractBeanFactory.doResolveBeanClass(AbstractBeanFactory.java:1396) ~[spring-beans-4.2.0.RELEASE.jar:4.2.0.RELEASE]
	at org.springframework.beans.factory.support.AbstractBeanFactory.resolveBeanClass(AbstractBeanFactory.java:1343) ~[spring-beans-4.2.0.RELEASE.jar:4.2.0.RELEASE]
	... 74 common frames omitted
</system-out>
    <system-err>okt 26, 2015 10:24:22 AM org.glassfish.jersey.test.grizzly.GrizzlyTestContainerFactory$GrizzlyTestContainer &lt;init&gt;
INFO: Creating GrizzlyTestContainer configured at the base URI http://localhost:9998/
</system-err>
  </testcase>
  <testcase classname="com.sample.wishlist.api.generated.DefaultWishlistsResourceTest" name="testGet" time="0.093">
    <error message="Error creating bean with name &apos;apiWishlistsResource&apos;: Injection of autowired dependencies failed; nested exception is org.springframework.beans.factory.BeanCreationException: Could not autowire field: private com.sample.wishlist.client.document.DocumentClient com.sample.wishlist.api.generated.DefaultWishlistsResource.documentClient; nested exception is org.springframework.beans.factory.CannotLoadBeanClassException: Cannot find class [com.sample.wishlist.client.documentrepository.DocumentClient] for bean with name &apos;documentClient&apos; defined in class path resource [META-INF/applicationContext.xml]; nested exception is java.lang.ClassNotFoundException: com.sample.wishlist.client.documentrepository.DocumentClient" type="org.springframework.beans.factory.BeanCreationException">org.springframework.beans.factory.BeanCreationException: Error creating bean with name &apos;apiWishlistsResource&apos;: Injection of autowired dependencies failed; nested exception is org.springframework.beans.factory.BeanCreationException: Could not autowire field: private com.sample.wishlist.client.document.DocumentClient com.sample.wishlist.api.generated.DefaultWishlistsResource.documentClient; nested exception is org.springframework.beans.factory.CannotLoadBeanClassException: Cannot find class [com.sample.wishlist.client.documentrepository.DocumentClient] for bean with name &apos;documentClient&apos; defined in class path resource [META-INF/applicationContext.xml]; nested exception is java.lang.ClassNotFoundException: com.sample.wishlist.client.documentrepository.DocumentClient
	at org.springframework.beans.factory.annotation.AutowiredAnnotationBeanPostProcessor.postProcessPropertyValues(AutowiredAnnotationBeanPostProcessor.java:334)
	at org.springframework.beans.factory.support.AbstractAutowireCapableBeanFactory.populateBean(AbstractAutowireCapableBeanFactory.java:1214)
	at org.springframework.beans.factory.support.AbstractAutowireCapableBeanFactory.doCreateBean(AbstractAutowireCapableBeanFactory.java:543)
	at org.springframework.beans.factory.support.AbstractAutowireCapableBeanFactory.createBean(AbstractAutowireCapableBeanFactory.java:482)
	at org.springframework.beans.factory.support.AbstractBeanFactory$1.getObject(AbstractBeanFactory.java:305)
	at org.springframework.beans.factory.support.DefaultSingletonBeanRegistry.getSingleton(DefaultSingletonBeanRegistry.java:230)
	at org.springframework.beans.factory.support.AbstractBeanFactory.doGetBean(AbstractBeanFactory.java:301)
	at org.springframework.beans.factory.support.AbstractBeanFactory.getBean(AbstractBeanFactory.java:196)
	at org.springframework.beans.factory.support.DefaultListableBeanFactory.preInstantiateSingletons(DefaultListableBeanFactory.java:772)
	at org.springframework.context.support.AbstractApplicationContext.finishBeanFactoryInitialization(AbstractApplicationContext.java:834)
	at org.springframework.context.support.AbstractApplicationContext.refresh(AbstractApplicationContext.java:537)
	at org.springframework.context.support.ClassPathXmlApplicationContext.&lt;init&gt;(ClassPathXmlApplicationContext.java:139)
	at org.springframework.context.support.ClassPathXmlApplicationContext.&lt;init&gt;(ClassPathXmlApplicationContext.java:93)
	at org.glassfish.jersey.server.spring.SpringComponentProvider.createXmlSpringConfiguration(SpringComponentProvider.java:173)
	at org.glassfish.jersey.server.spring.SpringComponentProvider.createSpringContext(SpringComponentProvider.java:164)
	at org.glassfish.jersey.server.spring.SpringComponentProvider.initialize(SpringComponentProvider.java:99)
	at org.glassfish.jersey.server.ApplicationHandler$4.get(ApplicationHandler.java:407)
	at org.glassfish.jersey.server.ApplicationHandler$4.get(ApplicationHandler.java:398)
	at org.glassfish.jersey.internal.util.collection.Values$LazyValueImpl.get(Values.java:340)
	at org.glassfish.jersey.server.ApplicationHandler$3.call(ApplicationHandler.java:349)
	at org.glassfish.jersey.server.ApplicationHandler$3.call(ApplicationHandler.java:346)
	at org.glassfish.jersey.internal.Errors.process(Errors.java:315)
	at org.glassfish.jersey.internal.Errors.process(Errors.java:297)
	at org.glassfish.jersey.internal.Errors.processWithException(Errors.java:255)
	at org.glassfish.jersey.server.ApplicationHandler.&lt;init&gt;(ApplicationHandler.java:346)
	at org.glassfish.jersey.server.ApplicationHandler.&lt;init&gt;(ApplicationHandler.java:310)
	at org.glassfish.jersey.grizzly2.httpserver.GrizzlyHttpContainer.&lt;init&gt;(GrizzlyHttpContainer.java:331)
	at org.glassfish.jersey.grizzly2.httpserver.GrizzlyHttpServerFactory.createHttpServer(GrizzlyHttpServerFactory.java:139)
	at org.glassfish.jersey.test.grizzly.GrizzlyTestContainerFactory$GrizzlyTestContainer.&lt;init&gt;(GrizzlyTestContainerFactory.java:82)
	at org.glassfish.jersey.test.grizzly.GrizzlyTestContainerFactory$GrizzlyTestContainer.&lt;init&gt;(GrizzlyTestContainerFactory.java:66)
	at org.glassfish.jersey.test.grizzly.GrizzlyTestContainerFactory.create(GrizzlyTestContainerFactory.java:130)
	at org.glassfish.jersey.test.JerseyTest.createTestContainer(JerseyTest.java:277)
	at org.glassfish.jersey.test.JerseyTest.setUp(JerseyTest.java:609)
	at sun.reflect.NativeMethodAccessorImpl.invoke0(Native Method)
	at sun.reflect.NativeMethodAccessorImpl.invoke(NativeMethodAccessorImpl.java:62)
	at sun.reflect.DelegatingMethodAccessorImpl.invoke(DelegatingMethodAccessorImpl.java:43)
	at java.lang.reflect.Method.invoke(Method.java:497)
	at org.junit.runners.model.FrameworkMethod$1.runReflectiveCall(FrameworkMethod.java:50)
	at org.junit.internal.runners.model.ReflectiveCallable.run(ReflectiveCallable.java:12)
	at org.junit.runners.model.FrameworkMethod.invokeExplosively(FrameworkMethod.java:47)
	at org.junit.internal.runners.statements.RunBefores.evaluate(RunBefores.java:24)
	at org.junit.internal.runners.statements.RunAfters.evaluate(RunAfters.java:27)
	at org.junit.runners.ParentRunner.runLeaf(ParentRunner.java:325)
	at org.junit.runners.BlockJUnit4ClassRunner.runChild(BlockJUnit4ClassRunner.java:78)
	at org.junit.runners.BlockJUnit4ClassRunner.runChild(BlockJUnit4ClassRunner.java:57)
	at org.junit.runners.ParentRunner$3.run(ParentRunner.java:290)
	at org.junit.runners.ParentRunner$1.schedule(ParentRunner.java:71)
	at org.junit.runners.ParentRunner.runChildren(ParentRunner.java:288)
	at org.junit.runners.ParentRunner.access$000(ParentRunner.java:58)
	at org.junit.runners.ParentRunner$2.evaluate(ParentRunner.java:268)
	at org.junit.runners.ParentRunner.run(ParentRunner.java:363)
	at org.apache.maven.surefire.junit4.JUnit4Provider.execute(JUnit4Provider.java:252)
	at org.apache.maven.surefire.junit4.JUnit4Provider.executeTestSet(JUnit4Provider.java:141)
	at org.apache.maven.surefire.junit4.JUnit4Provider.invoke(JUnit4Provider.java:112)
	at sun.reflect.NativeMethodAccessorImpl.invoke0(Native Method)
	at sun.reflect.NativeMethodAccessorImpl.invoke(NativeMethodAccessorImpl.java:62)
	at sun.reflect.DelegatingMethodAccessorImpl.invoke(DelegatingMethodAccessorImpl.java:43)
	at java.lang.reflect.Method.invoke(Method.java:497)
	at org.apache.maven.surefire.util.ReflectionUtils.invokeMethodWithArray(ReflectionUtils.java:189)
	at org.apache.maven.surefire.booter.ProviderFactory$ProviderProxy.invoke(ProviderFactory.java:165)
	at org.apache.maven.surefire.booter.ProviderFactory.invokeProvider(ProviderFactory.java:85)
	at org.apache.maven.surefire.booter.ForkedBooter.runSuitesInProcess(ForkedBooter.java:115)
	at org.apache.maven.surefire.booter.ForkedBooter.main(ForkedBooter.java:75)
Caused by: org.springframework.beans.factory.BeanCreationException: Could not autowire field: private com.sample.wishlist.client.document.DocumentClient com.sample.wishlist.api.generated.DefaultWishlistsResource.documentClient; nested exception is org.springframework.beans.factory.CannotLoadBeanClassException: Cannot find class [com.sample.wishlist.client.documentrepository.DocumentClient] for bean with name &apos;documentClient&apos; defined in class path resource [META-INF/applicationContext.xml]; nested exception is java.lang.ClassNotFoundException: com.sample.wishlist.client.documentrepository.DocumentClient
	at org.springframework.beans.factory.annotation.AutowiredAnnotationBeanPostProcessor$AutowiredFieldElement.inject(AutowiredAnnotationBeanPostProcessor.java:571)
	at org.springframework.beans.factory.annotation.InjectionMetadata.inject(InjectionMetadata.java:88)
	at org.springframework.beans.factory.annotation.AutowiredAnnotationBeanPostProcessor.postProcessPropertyValues(AutowiredAnnotationBeanPostProcessor.java:331)
	... 62 more
Caused by: org.springframework.beans.factory.CannotLoadBeanClassException: Cannot find class [com.sample.wishlist.client.documentrepository.DocumentClient] for bean with name &apos;documentClient&apos; defined in class path resource [META-INF/applicationContext.xml]; nested exception is java.lang.ClassNotFoundException: com.sample.wishlist.client.documentrepository.DocumentClient
	at org.springframework.beans.factory.support.AbstractBeanFactory.resolveBeanClass(AbstractBeanFactory.java:1351)
	at org.springframework.beans.factory.support.AbstractAutowireCapableBeanFactory.determineTargetType(AbstractAutowireCapableBeanFactory.java:628)
	at org.springframework.beans.factory.support.AbstractAutowireCapableBeanFactory.predictBeanType(AbstractAutowireCapableBeanFactory.java:597)
	at org.springframework.beans.factory.support.AbstractBeanFactory.isFactoryBean(AbstractBeanFactory.java:1444)
	at org.springframework.beans.factory.support.DefaultListableBeanFactory.doGetBeanNamesForType(DefaultListableBeanFactory.java:445)
	at org.springframework.beans.factory.support.DefaultListableBeanFactory.getBeanNamesForType(DefaultListableBeanFactory.java:423)
	at org.springframework.beans.factory.BeanFactoryUtils.beanNamesForTypeIncludingAncestors(BeanFactoryUtils.java:220)
	at org.springframework.beans.factory.support.DefaultListableBeanFactory.findAutowireCandidates(DefaultListableBeanFactory.java:1130)
	at org.springframework.beans.factory.support.DefaultListableBeanFactory.doResolveDependency(DefaultListableBeanFactory.java:1069)
	at org.springframework.beans.factory.support.DefaultListableBeanFactory.resolveDependency(DefaultListableBeanFactory.java:967)
	at org.springframework.beans.factory.annotation.AutowiredAnnotationBeanPostProcessor$AutowiredFieldElement.inject(AutowiredAnnotationBeanPostProcessor.java:543)
	... 64 more
Caused by: java.lang.ClassNotFoundException: com.sample.wishlist.client.documentrepository.DocumentClient
	at java.net.URLClassLoader.findClass(URLClassLoader.java:381)
	at java.lang.ClassLoader.loadClass(ClassLoader.java:424)
	at sun.misc.Launcher$AppClassLoader.loadClass(Launcher.java:331)
	at java.lang.ClassLoader.loadClass(ClassLoader.java:357)
	at org.springframework.util.ClassUtils.forName(ClassUtils.java:250)
	at org.springframework.beans.factory.support.AbstractBeanDefinition.resolveBeanClass(AbstractBeanDefinition.java:394)
	at org.springframework.beans.factory.support.AbstractBeanFactory.doResolveBeanClass(AbstractBeanFactory.java:1396)
	at org.springframework.beans.factory.support.AbstractBeanFactory.resolveBeanClass(AbstractBeanFactory.java:1343)
	... 74 more
</error>
    <system-out>10:24:23 &amp;#27;[31m[WARN ]&amp;#27;[0;39m &amp;#27;[36m[o.s.c.s.ClassPathXmlApplicationContext]&amp;#27;[0;39m &amp;#27;[35m[]&amp;#27;[0;39m &amp;#27;[1;34m&amp;#27;[0;39mException encountered during context initialization - cancelling refresh attempt
org.springframework.beans.factory.BeanCreationException: Error creating bean with name &apos;apiWishlistsResource&apos;: Injection of autowired dependencies failed; nested exception is org.springframework.beans.factory.BeanCreationException: Could not autowire field: private com.sample.wishlist.client.document.DocumentClient com.sample.wishlist.api.generated.DefaultWishlistsResource.documentClient; nested exception is org.springframework.beans.factory.CannotLoadBeanClassException: Cannot find class [com.sample.wishlist.client.documentrepository.DocumentClient] for bean with name &apos;documentClient&apos; defined in class path resource [META-INF/applicationContext.xml]; nested exception is java.lang.ClassNotFoundException: com.sample.wishlist.client.documentrepository.DocumentClient
	at org.springframework.beans.factory.annotation.AutowiredAnnotationBeanPostProcessor.postProcessPropertyValues(AutowiredAnnotationBeanPostProcessor.java:334) ~[spring-beans-4.2.0.RELEASE.jar:4.2.0.RELEASE]
	at org.springframework.beans.factory.support.AbstractAutowireCapableBeanFactory.populateBean(AbstractAutowireCapableBeanFactory.java:1214) ~[spring-beans-4.2.0.RELEASE.jar:4.2.0.RELEASE]
	at org.springframework.beans.factory.support.AbstractAutowireCapableBeanFactory.doCreateBean(AbstractAutowireCapableBeanFactory.java:543) ~[spring-beans-4.2.0.RELEASE.jar:4.2.0.RELEASE]
	at org.springframework.beans.factory.support.AbstractAutowireCapableBeanFactory.createBean(AbstractAutowireCapableBeanFactory.java:482) ~[spring-beans-4.2.0.RELEASE.jar:4.2.0.RELEASE]
	at org.springframework.beans.factory.support.AbstractBeanFactory$1.getObject(AbstractBeanFactory.java:305) ~[spring-beans-4.2.0.RELEASE.jar:4.2.0.RELEASE]
	at org.springframework.beans.factory.support.DefaultSingletonBeanRegistry.getSingleton(DefaultSingletonBeanRegistry.java:230) ~[spring-beans-4.2.0.RELEASE.jar:4.2.0.RELEASE]
	at org.springframework.beans.factory.support.AbstractBeanFactory.doGetBean(AbstractBeanFactory.java:301) ~[spring-beans-4.2.0.RELEASE.jar:4.2.0.RELEASE]
	at org.springframework.beans.factory.support.AbstractBeanFactory.getBean(AbstractBeanFactory.java:196) ~[spring-beans-4.2.0.RELEASE.jar:4.2.0.RELEASE]
	at org.springframework.beans.factory.support.DefaultListableBeanFactory.preInstantiateSingletons(DefaultListableBeanFactory.java:772) ~[spring-beans-4.2.0.RELEASE.jar:4.2.0.RELEASE]
	at org.springframework.context.support.AbstractApplicationContext.finishBeanFactoryInitialization(AbstractApplicationContext.java:834) ~[spring-context-4.2.0.RELEASE.jar:4.2.0.RELEASE]
	at org.springframework.context.support.AbstractApplicationContext.refresh(AbstractApplicationContext.java:537) ~[spring-context-4.2.0.RELEASE.jar:4.2.0.RELEASE]
	at org.springframework.context.support.ClassPathXmlApplicationContext.&lt;init&gt;(ClassPathXmlApplicationContext.java:139) [spring-context-4.2.0.RELEASE.jar:4.2.0.RELEASE]
	at org.springframework.context.support.ClassPathXmlApplicationContext.&lt;init&gt;(ClassPathXmlApplicationContext.java:93) [spring-context-4.2.0.RELEASE.jar:4.2.0.RELEASE]
	at org.glassfish.jersey.server.spring.SpringComponentProvider.createXmlSpringConfiguration(SpringComponentProvider.java:173) [jersey-spring3-2.19.jar:na]
	at org.glassfish.jersey.server.spring.SpringComponentProvider.createSpringContext(SpringComponentProvider.java:164) [jersey-spring3-2.19.jar:na]
	at org.glassfish.jersey.server.spring.SpringComponentProvider.initialize(SpringComponentProvider.java:99) [jersey-spring3-2.19.jar:na]
	at org.glassfish.jersey.server.ApplicationHandler$4.get(ApplicationHandler.java:407) [jersey-server-2.19.jar:na]
	at org.glassfish.jersey.server.ApplicationHandler$4.get(ApplicationHandler.java:398) [jersey-server-2.19.jar:na]
	at org.glassfish.jersey.internal.util.collection.Values$LazyValueImpl.get(Values.java:340) [jersey-common-2.19.jar:na]
	at org.glassfish.jersey.server.ApplicationHandler$3.call(ApplicationHandler.java:349) [jersey-server-2.19.jar:na]
	at org.glassfish.jersey.server.ApplicationHandler$3.call(ApplicationHandler.java:346) [jersey-server-2.19.jar:na]
	at org.glassfish.jersey.internal.Errors.process(Errors.java:315) [jersey-common-2.19.jar:na]
	at org.glassfish.jersey.internal.Errors.process(Errors.java:297) [jersey-common-2.19.jar:na]
	at org.glassfish.jersey.internal.Errors.processWithException(Errors.java:255) [jersey-common-2.19.jar:na]
	at org.glassfish.jersey.server.ApplicationHandler.&lt;init&gt;(ApplicationHandler.java:346) [jersey-server-2.19.jar:na]
	at org.glassfish.jersey.server.ApplicationHandler.&lt;init&gt;(ApplicationHandler.java:310) [jersey-server-2.19.jar:na]
	at org.glassfish.jersey.grizzly2.httpserver.GrizzlyHttpContainer.&lt;init&gt;(GrizzlyHttpContainer.java:331) [jersey-container-grizzly2-http-2.19.jar:na]
	at org.glassfish.jersey.grizzly2.httpserver.GrizzlyHttpServerFactory.createHttpServer(GrizzlyHttpServerFactory.java:139) [jersey-container-grizzly2-http-2.19.jar:na]
	at org.glassfish.jersey.test.grizzly.GrizzlyTestContainerFactory$GrizzlyTestContainer.&lt;init&gt;(GrizzlyTestContainerFactory.java:82) [jersey-test-framework-provider-grizzly2-2.19.jar:na]
	at org.glassfish.jersey.test.grizzly.GrizzlyTestContainerFactory$GrizzlyTestContainer.&lt;init&gt;(GrizzlyTestContainerFactory.java:66) [jersey-test-framework-provider-grizzly2-2.19.jar:na]
	at org.glassfish.jersey.test.grizzly.GrizzlyTestContainerFactory.create(GrizzlyTestContainerFactory.java:130) [jersey-test-framework-provider-grizzly2-2.19.jar:na]
	at org.glassfish.jersey.test.JerseyTest.createTestContainer(JerseyTest.java:277) [jersey-test-framework-core-2.19.jar:na]
	at org.glassfish.jersey.test.JerseyTest.setUp(JerseyTest.java:609) [jersey-test-framework-core-2.19.jar:na]
	at sun.reflect.NativeMethodAccessorImpl.invoke0(Native Method) ~[na:1.8.0_60]
	at sun.reflect.NativeMethodAccessorImpl.invoke(NativeMethodAccessorImpl.java:62) ~[na:1.8.0_60]
	at sun.reflect.DelegatingMethodAccessorImpl.invoke(DelegatingMethodAccessorImpl.java:43) ~[na:1.8.0_60]
	at java.lang.reflect.Method.invoke(Method.java:497) ~[na:1.8.0_60]
	at org.junit.runners.model.FrameworkMethod$1.runReflectiveCall(FrameworkMethod.java:50) [junit-4.12.jar:4.12]
	at org.junit.internal.runners.model.ReflectiveCallable.run(ReflectiveCallable.java:12) [junit-4.12.jar:4.12]
	at org.junit.runners.model.FrameworkMethod.invokeExplosively(FrameworkMethod.java:47) [junit-4.12.jar:4.12]
	at org.junit.internal.runners.statements.RunBefores.evaluate(RunBefores.java:24) [junit-4.12.jar:4.12]
	at org.junit.internal.runners.statements.RunAfters.evaluate(RunAfters.java:27) [junit-4.12.jar:4.12]
	at org.junit.runners.ParentRunner.runLeaf(ParentRunner.java:325) [junit-4.12.jar:4.12]
	at org.junit.runners.BlockJUnit4ClassRunner.runChild(BlockJUnit4ClassRunner.java:78) [junit-4.12.jar:4.12]
	at org.junit.runners.BlockJUnit4ClassRunner.runChild(BlockJUnit4ClassRunner.java:57) [junit-4.12.jar:4.12]
	at org.junit.runners.ParentRunner$3.run(ParentRunner.java:290) [junit-4.12.jar:4.12]
	at org.junit.runners.ParentRunner$1.schedule(ParentRunner.java:71) [junit-4.12.jar:4.12]
	at org.junit.runners.ParentRunner.runChildren(ParentRunner.java:288) [junit-4.12.jar:4.12]
	at org.junit.runners.ParentRunner.access$000(ParentRunner.java:58) [junit-4.12.jar:4.12]
	at org.junit.runners.ParentRunner$2.evaluate(ParentRunner.java:268) [junit-4.12.jar:4.12]
	at org.junit.runners.ParentRunner.run(ParentRunner.java:363) [junit-4.12.jar:4.12]
	at org.apache.maven.surefire.junit4.JUnit4Provider.execute(JUnit4Provider.java:252) [surefire-junit4-2.12.4.jar:2.12.4]
	at org.apache.maven.surefire.junit4.JUnit4Provider.executeTestSet(JUnit4Provider.java:141) [surefire-junit4-2.12.4.jar:2.12.4]
	at org.apache.maven.surefire.junit4.JUnit4Provider.invoke(JUnit4Provider.java:112) [surefire-junit4-2.12.4.jar:2.12.4]
	at sun.reflect.NativeMethodAccessorImpl.invoke0(Native Method) ~[na:1.8.0_60]
	at sun.reflect.NativeMethodAccessorImpl.invoke(NativeMethodAccessorImpl.java:62) ~[na:1.8.0_60]
	at sun.reflect.DelegatingMethodAccessorImpl.invoke(DelegatingMethodAccessorImpl.java:43) ~[na:1.8.0_60]
	at java.lang.reflect.Method.invoke(Method.java:497) ~[na:1.8.0_60]
	at org.apache.maven.surefire.util.ReflectionUtils.invokeMethodWithArray(ReflectionUtils.java:189) [surefire-api-2.12.4.jar:2.12.4]
	at org.apache.maven.surefire.booter.ProviderFactory$ProviderProxy.invoke(ProviderFactory.java:165) [surefire-booter-2.12.4.jar:2.12.4]
	at org.apache.maven.surefire.booter.ProviderFactory.invokeProvider(ProviderFactory.java:85) [surefire-booter-2.12.4.jar:2.12.4]
	at org.apache.maven.surefire.booter.ForkedBooter.runSuitesInProcess(ForkedBooter.java:115) [surefire-booter-2.12.4.jar:2.12.4]
	at org.apache.maven.surefire.booter.ForkedBooter.main(ForkedBooter.java:75) [surefire-booter-2.12.4.jar:2.12.4]
Caused by: org.springframework.beans.factory.BeanCreationException: Could not autowire field: private com.sample.wishlist.client.document.DocumentClient com.sample.wishlist.api.generated.DefaultWishlistsResource.documentClient; nested exception is org.springframework.beans.factory.CannotLoadBeanClassException: Cannot find class [com.sample.wishlist.client.documentrepository.DocumentClient] for bean with name &apos;documentClient&apos; defined in class path resource [META-INF/applicationContext.xml]; nested exception is java.lang.ClassNotFoundException: com.sample.wishlist.client.documentrepository.DocumentClient
	at org.springframework.beans.factory.annotation.AutowiredAnnotationBeanPostProcessor$AutowiredFieldElement.inject(AutowiredAnnotationBeanPostProcessor.java:571) ~[spring-beans-4.2.0.RELEASE.jar:4.2.0.RELEASE]
	at org.springframework.beans.factory.annotation.InjectionMetadata.inject(InjectionMetadata.java:88) ~[spring-beans-4.2.0.RELEASE.jar:4.2.0.RELEASE]
	at org.springframework.beans.factory.annotation.AutowiredAnnotationBeanPostProcessor.postProcessPropertyValues(AutowiredAnnotationBeanPostProcessor.java:331) ~[spring-beans-4.2.0.RELEASE.jar:4.2.0.RELEASE]
	... 62 common frames omitted
Caused by: org.springframework.beans.factory.CannotLoadBeanClassException: Cannot find class [com.sample.wishlist.client.documentrepository.DocumentClient] for bean with name &apos;documentClient&apos; defined in class path resource [META-INF/applicationContext.xml]; nested exception is java.lang.ClassNotFoundException: com.sample.wishlist.client.documentrepository.DocumentClient
	at org.springframework.beans.factory.support.AbstractBeanFactory.resolveBeanClass(AbstractBeanFactory.java:1351) ~[spring-beans-4.2.0.RELEASE.jar:4.2.0.RELEASE]
	at org.springframework.beans.factory.support.AbstractAutowireCapableBeanFactory.determineTargetType(AbstractAutowireCapableBeanFactory.java:628) ~[spring-beans-4.2.0.RELEASE.jar:4.2.0.RELEASE]
	at org.springframework.beans.factory.support.AbstractAutowireCapableBeanFactory.predictBeanType(AbstractAutowireCapableBeanFactory.java:597) ~[spring-beans-4.2.0.RELEASE.jar:4.2.0.RELEASE]
	at org.springframework.beans.factory.support.AbstractBeanFactory.isFactoryBean(AbstractBeanFactory.java:1444) ~[spring-beans-4.2.0.RELEASE.jar:4.2.0.RELEASE]
	at org.springframework.beans.factory.support.DefaultListableBeanFactory.doGetBeanNamesForType(DefaultListableBeanFactory.java:445) ~[spring-beans-4.2.0.RELEASE.jar:4.2.0.RELEASE]
	at org.springframework.beans.factory.support.DefaultListableBeanFactory.getBeanNamesForType(DefaultListableBeanFactory.java:423) ~[spring-beans-4.2.0.RELEASE.jar:4.2.0.RELEASE]
	at org.springframework.beans.factory.BeanFactoryUtils.beanNamesForTypeIncludingAncestors(BeanFactoryUtils.java:220) ~[spring-beans-4.2.0.RELEASE.jar:4.2.0.RELEASE]
	at org.springframework.beans.factory.support.DefaultListableBeanFactory.findAutowireCandidates(DefaultListableBeanFactory.java:1130) ~[spring-beans-4.2.0.RELEASE.jar:4.2.0.RELEASE]
	at org.springframework.beans.factory.support.DefaultListableBeanFactory.doResolveDependency(DefaultListableBeanFactory.java:1069) ~[spring-beans-4.2.0.RELEASE.jar:4.2.0.RELEASE]
	at org.springframework.beans.factory.support.DefaultListableBeanFactory.resolveDependency(DefaultListableBeanFactory.java:967) ~[spring-beans-4.2.0.RELEASE.jar:4.2.0.RELEASE]
	at org.springframework.beans.factory.annotation.AutowiredAnnotationBeanPostProcessor$AutowiredFieldElement.inject(AutowiredAnnotationBeanPostProcessor.java:543) ~[spring-beans-4.2.0.RELEASE.jar:4.2.0.RELEASE]
	... 64 common frames omitted
Caused by: java.lang.ClassNotFoundException: com.sample.wishlist.client.documentrepository.DocumentClient
	at java.net.URLClassLoader.findClass(URLClassLoader.java:381) ~[na:1.8.0_60]
	at java.lang.ClassLoader.loadClass(ClassLoader.java:424) ~[na:1.8.0_60]
	at sun.misc.Launcher$AppClassLoader.loadClass(Launcher.java:331) ~[na:1.8.0_60]
	at java.lang.ClassLoader.loadClass(ClassLoader.java:357) ~[na:1.8.0_60]
	at org.springframework.util.ClassUtils.forName(ClassUtils.java:250) ~[spring-core-4.2.0.RELEASE.jar:4.2.0.RELEASE]
	at org.springframework.beans.factory.support.AbstractBeanDefinition.resolveBeanClass(AbstractBeanDefinition.java:394) ~[spring-beans-4.2.0.RELEASE.jar:4.2.0.RELEASE]
	at org.springframework.beans.factory.support.AbstractBeanFactory.doResolveBeanClass(AbstractBeanFactory.java:1396) ~[spring-beans-4.2.0.RELEASE.jar:4.2.0.RELEASE]
	at org.springframework.beans.factory.support.AbstractBeanFactory.resolveBeanClass(AbstractBeanFactory.java:1343) ~[spring-beans-4.2.0.RELEASE.jar:4.2.0.RELEASE]
	... 74 common frames omitted
</system-out>
  </testcase>
  <testcase classname="com.sample.wishlist.api.generated.DefaultWishlistsResourceTest" name="testPostByWishlistIdWishlistItemsWithWishlistItem" time="0.093">
    <error message="Error creating bean with name &apos;apiWishlistsResource&apos;: Injection of autowired dependencies failed; nested exception is org.springframework.beans.factory.BeanCreationException: Could not autowire field: private com.sample.wishlist.client.document.DocumentClient com.sample.wishlist.api.generated.DefaultWishlistsResource.documentClient; nested exception is org.springframework.beans.factory.CannotLoadBeanClassException: Cannot find class [com.sample.wishlist.client.documentrepository.DocumentClient] for bean with name &apos;documentClient&apos; defined in class path resource [META-INF/applicationContext.xml]; nested exception is java.lang.ClassNotFoundException: com.sample.wishlist.client.documentrepository.DocumentClient" type="org.springframework.beans.factory.BeanCreationException">org.springframework.beans.factory.BeanCreationException: Error creating bean with name &apos;apiWishlistsResource&apos;: Injection of autowired dependencies failed; nested exception is org.springframework.beans.factory.BeanCreationException: Could not autowire field: private com.sample.wishlist.client.document.DocumentClient com.sample.wishlist.api.generated.DefaultWishlistsResource.documentClient; nested exception is org.springframework.beans.factory.CannotLoadBeanClassException: Cannot find class [com.sample.wishlist.client.documentrepository.DocumentClient] for bean with name &apos;documentClient&apos; defined in class path resource [META-INF/applicationContext.xml]; nested exception is java.lang.ClassNotFoundException: com.sample.wishlist.client.documentrepository.DocumentClient
	at org.springframework.beans.factory.annotation.AutowiredAnnotationBeanPostProcessor.postProcessPropertyValues(AutowiredAnnotationBeanPostProcessor.java:334)
	at org.springframework.beans.factory.support.AbstractAutowireCapableBeanFactory.populateBean(AbstractAutowireCapableBeanFactory.java:1214)
	at org.springframework.beans.factory.support.AbstractAutowireCapableBeanFactory.doCreateBean(AbstractAutowireCapableBeanFactory.java:543)
	at org.springframework.beans.factory.support.AbstractAutowireCapableBeanFactory.createBean(AbstractAutowireCapableBeanFactory.java:482)
	at org.springframework.beans.factory.support.AbstractBeanFactory$1.getObject(AbstractBeanFactory.java:305)
	at org.springframework.beans.factory.support.DefaultSingletonBeanRegistry.getSingleton(DefaultSingletonBeanRegistry.java:230)
	at org.springframework.beans.factory.support.AbstractBeanFactory.doGetBean(AbstractBeanFactory.java:301)
	at org.springframework.beans.factory.support.AbstractBeanFactory.getBean(AbstractBeanFactory.java:196)
	at org.springframework.beans.factory.support.DefaultListableBeanFactory.preInstantiateSingletons(DefaultListableBeanFactory.java:772)
	at org.springframework.context.support.AbstractApplicationContext.finishBeanFactoryInitialization(AbstractApplicationContext.java:834)
	at org.springframework.context.support.AbstractApplicationContext.refresh(AbstractApplicationContext.java:537)
	at org.springframework.context.support.ClassPathXmlApplicationContext.&lt;init&gt;(ClassPathXmlApplicationContext.java:139)
	at org.springframework.context.support.ClassPathXmlApplicationContext.&lt;init&gt;(ClassPathXmlApplicationContext.java:93)
	at org.glassfish.jersey.server.spring.SpringComponentProvider.createXmlSpringConfiguration(SpringComponentProvider.java:173)
	at org.glassfish.jersey.server.spring.SpringComponentProvider.createSpringContext(SpringComponentProvider.java:164)
	at org.glassfish.jersey.server.spring.SpringComponentProvider.initialize(SpringComponentProvider.java:99)
	at org.glassfish.jersey.server.ApplicationHandler$4.get(ApplicationHandler.java:407)
	at org.glassfish.jersey.server.ApplicationHandler$4.get(ApplicationHandler.java:398)
	at org.glassfish.jersey.internal.util.collection.Values$LazyValueImpl.get(Values.java:340)
	at org.glassfish.jersey.server.ApplicationHandler$3.call(ApplicationHandler.java:349)
	at org.glassfish.jersey.server.ApplicationHandler$3.call(ApplicationHandler.java:346)
	at org.glassfish.jersey.internal.Errors.process(Errors.java:315)
	at org.glassfish.jersey.internal.Errors.process(Errors.java:297)
	at org.glassfish.jersey.internal.Errors.processWithException(Errors.java:255)
	at org.glassfish.jersey.server.ApplicationHandler.&lt;init&gt;(ApplicationHandler.java:346)
	at org.glassfish.jersey.server.ApplicationHandler.&lt;init&gt;(ApplicationHandler.java:310)
	at org.glassfish.jersey.grizzly2.httpserver.GrizzlyHttpContainer.&lt;init&gt;(GrizzlyHttpContainer.java:331)
	at org.glassfish.jersey.grizzly2.httpserver.GrizzlyHttpServerFactory.createHttpServer(GrizzlyHttpServerFactory.java:139)
	at org.glassfish.jersey.test.grizzly.GrizzlyTestContainerFactory$GrizzlyTestContainer.&lt;init&gt;(GrizzlyTestContainerFactory.java:82)
	at org.glassfish.jersey.test.grizzly.GrizzlyTestContainerFactory$GrizzlyTestContainer.&lt;init&gt;(GrizzlyTestContainerFactory.java:66)
	at org.glassfish.jersey.test.grizzly.GrizzlyTestContainerFactory.create(GrizzlyTestContainerFactory.java:130)
	at org.glassfish.jersey.test.JerseyTest.createTestContainer(JerseyTest.java:277)
	at org.glassfish.jersey.test.JerseyTest.setUp(JerseyTest.java:609)
	at sun.reflect.NativeMethodAccessorImpl.invoke0(Native Method)
	at sun.reflect.NativeMethodAccessorImpl.invoke(NativeMethodAccessorImpl.java:62)
	at sun.reflect.DelegatingMethodAccessorImpl.invoke(DelegatingMethodAccessorImpl.java:43)
	at java.lang.reflect.Method.invoke(Method.java:497)
	at org.junit.runners.model.FrameworkMethod$1.runReflectiveCall(FrameworkMethod.java:50)
	at org.junit.internal.runners.model.ReflectiveCallable.run(ReflectiveCallable.java:12)
	at org.junit.runners.model.FrameworkMethod.invokeExplosively(FrameworkMethod.java:47)
	at org.junit.internal.runners.statements.RunBefores.evaluate(RunBefores.java:24)
	at org.junit.internal.runners.statements.RunAfters.evaluate(RunAfters.java:27)
	at org.junit.runners.ParentRunner.runLeaf(ParentRunner.java:325)
	at org.junit.runners.BlockJUnit4ClassRunner.runChild(BlockJUnit4ClassRunner.java:78)
	at org.junit.runners.BlockJUnit4ClassRunner.runChild(BlockJUnit4ClassRunner.java:57)
	at org.junit.runners.ParentRunner$3.run(ParentRunner.java:290)
	at org.junit.runners.ParentRunner$1.schedule(ParentRunner.java:71)
	at org.junit.runners.ParentRunner.runChildren(ParentRunner.java:288)
	at org.junit.runners.ParentRunner.access$000(ParentRunner.java:58)
	at org.junit.runners.ParentRunner$2.evaluate(ParentRunner.java:268)
	at org.junit.runners.ParentRunner.run(ParentRunner.java:363)
	at org.apache.maven.surefire.junit4.JUnit4Provider.execute(JUnit4Provider.java:252)
	at org.apache.maven.surefire.junit4.JUnit4Provider.executeTestSet(JUnit4Provider.java:141)
	at org.apache.maven.surefire.junit4.JUnit4Provider.invoke(JUnit4Provider.java:112)
	at sun.reflect.NativeMethodAccessorImpl.invoke0(Native Method)
	at sun.reflect.NativeMethodAccessorImpl.invoke(NativeMethodAccessorImpl.java:62)
	at sun.reflect.DelegatingMethodAccessorImpl.invoke(DelegatingMethodAccessorImpl.java:43)
	at java.lang.reflect.Method.invoke(Method.java:497)
	at org.apache.maven.surefire.util.ReflectionUtils.invokeMethodWithArray(ReflectionUtils.java:189)
	at org.apache.maven.surefire.booter.ProviderFactory$ProviderProxy.invoke(ProviderFactory.java:165)
	at org.apache.maven.surefire.booter.ProviderFactory.invokeProvider(ProviderFactory.java:85)
	at org.apache.maven.surefire.booter.ForkedBooter.runSuitesInProcess(ForkedBooter.java:115)
	at org.apache.maven.surefire.booter.ForkedBooter.main(ForkedBooter.java:75)
Caused by: org.springframework.beans.factory.BeanCreationException: Could not autowire field: private com.sample.wishlist.client.document.DocumentClient com.sample.wishlist.api.generated.DefaultWishlistsResource.documentClient; nested exception is org.springframework.beans.factory.CannotLoadBeanClassException: Cannot find class [com.sample.wishlist.client.documentrepository.DocumentClient] for bean with name &apos;documentClient&apos; defined in class path resource [META-INF/applicationContext.xml]; nested exception is java.lang.ClassNotFoundException: com.sample.wishlist.client.documentrepository.DocumentClient
	at org.springframework.beans.factory.annotation.AutowiredAnnotationBeanPostProcessor$AutowiredFieldElement.inject(AutowiredAnnotationBeanPostProcessor.java:571)
	at org.springframework.beans.factory.annotation.InjectionMetadata.inject(InjectionMetadata.java:88)
	at org.springframework.beans.factory.annotation.AutowiredAnnotationBeanPostProcessor.postProcessPropertyValues(AutowiredAnnotationBeanPostProcessor.java:331)
	... 62 more
Caused by: org.springframework.beans.factory.CannotLoadBeanClassException: Cannot find class [com.sample.wishlist.client.documentrepository.DocumentClient] for bean with name &apos;documentClient&apos; defined in class path resource [META-INF/applicationContext.xml]; nested exception is java.lang.ClassNotFoundException: com.sample.wishlist.client.documentrepository.DocumentClient
	at org.springframework.beans.factory.support.AbstractBeanFactory.resolveBeanClass(AbstractBeanFactory.java:1351)
	at org.springframework.beans.factory.support.AbstractAutowireCapableBeanFactory.determineTargetType(AbstractAutowireCapableBeanFactory.java:628)
	at org.springframework.beans.factory.support.AbstractAutowireCapableBeanFactory.predictBeanType(AbstractAutowireCapableBeanFactory.java:597)
	at org.springframework.beans.factory.support.AbstractBeanFactory.isFactoryBean(AbstractBeanFactory.java:1444)
	at org.springframework.beans.factory.support.DefaultListableBeanFactory.doGetBeanNamesForType(DefaultListableBeanFactory.java:445)
	at org.springframework.beans.factory.support.DefaultListableBeanFactory.getBeanNamesForType(DefaultListableBeanFactory.java:423)
	at org.springframework.beans.factory.BeanFactoryUtils.beanNamesForTypeIncludingAncestors(BeanFactoryUtils.java:220)
	at org.springframework.beans.factory.support.DefaultListableBeanFactory.findAutowireCandidates(DefaultListableBeanFactory.java:1130)
	at org.springframework.beans.factory.support.DefaultListableBeanFactory.doResolveDependency(DefaultListableBeanFactory.java:1069)
	at org.springframework.beans.factory.support.DefaultListableBeanFactory.resolveDependency(DefaultListableBeanFactory.java:967)
	at org.springframework.beans.factory.annotation.AutowiredAnnotationBeanPostProcessor$AutowiredFieldElement.inject(AutowiredAnnotationBeanPostProcessor.java:543)
	... 64 more
Caused by: java.lang.ClassNotFoundException: com.sample.wishlist.client.documentrepository.DocumentClient
	at java.net.URLClassLoader.findClass(URLClassLoader.java:381)
	at java.lang.ClassLoader.loadClass(ClassLoader.java:424)
	at sun.misc.Launcher$AppClassLoader.loadClass(Launcher.java:331)
	at java.lang.ClassLoader.loadClass(ClassLoader.java:357)
	at org.springframework.util.ClassUtils.forName(ClassUtils.java:250)
	at org.springframework.beans.factory.support.AbstractBeanDefinition.resolveBeanClass(AbstractBeanDefinition.java:394)
	at org.springframework.beans.factory.support.AbstractBeanFactory.doResolveBeanClass(AbstractBeanFactory.java:1396)
	at org.springframework.beans.factory.support.AbstractBeanFactory.resolveBeanClass(AbstractBeanFactory.java:1343)
	... 74 more
</error>
    <system-out>10:24:23 &amp;#27;[31m[WARN ]&amp;#27;[0;39m &amp;#27;[36m[o.s.c.s.ClassPathXmlApplicationContext]&amp;#27;[0;39m &amp;#27;[35m[]&amp;#27;[0;39m &amp;#27;[1;34m&amp;#27;[0;39mException encountered during context initialization - cancelling refresh attempt
org.springframework.beans.factory.BeanCreationException: Error creating bean with name &apos;apiWishlistsResource&apos;: Injection of autowired dependencies failed; nested exception is org.springframework.beans.factory.BeanCreationException: Could not autowire field: private com.sample.wishlist.client.document.DocumentClient com.sample.wishlist.api.generated.DefaultWishlistsResource.documentClient; nested exception is org.springframework.beans.factory.CannotLoadBeanClassException: Cannot find class [com.sample.wishlist.client.documentrepository.DocumentClient] for bean with name &apos;documentClient&apos; defined in class path resource [META-INF/applicationContext.xml]; nested exception is java.lang.ClassNotFoundException: com.sample.wishlist.client.documentrepository.DocumentClient
	at org.springframework.beans.factory.annotation.AutowiredAnnotationBeanPostProcessor.postProcessPropertyValues(AutowiredAnnotationBeanPostProcessor.java:334) ~[spring-beans-4.2.0.RELEASE.jar:4.2.0.RELEASE]
	at org.springframework.beans.factory.support.AbstractAutowireCapableBeanFactory.populateBean(AbstractAutowireCapableBeanFactory.java:1214) ~[spring-beans-4.2.0.RELEASE.jar:4.2.0.RELEASE]
	at org.springframework.beans.factory.support.AbstractAutowireCapableBeanFactory.doCreateBean(AbstractAutowireCapableBeanFactory.java:543) ~[spring-beans-4.2.0.RELEASE.jar:4.2.0.RELEASE]
	at org.springframework.beans.factory.support.AbstractAutowireCapableBeanFactory.createBean(AbstractAutowireCapableBeanFactory.java:482) ~[spring-beans-4.2.0.RELEASE.jar:4.2.0.RELEASE]
	at org.springframework.beans.factory.support.AbstractBeanFactory$1.getObject(AbstractBeanFactory.java:305) ~[spring-beans-4.2.0.RELEASE.jar:4.2.0.RELEASE]
	at org.springframework.beans.factory.support.DefaultSingletonBeanRegistry.getSingleton(DefaultSingletonBeanRegistry.java:230) ~[spring-beans-4.2.0.RELEASE.jar:4.2.0.RELEASE]
	at org.springframework.beans.factory.support.AbstractBeanFactory.doGetBean(AbstractBeanFactory.java:301) ~[spring-beans-4.2.0.RELEASE.jar:4.2.0.RELEASE]
	at org.springframework.beans.factory.support.AbstractBeanFactory.getBean(AbstractBeanFactory.java:196) ~[spring-beans-4.2.0.RELEASE.jar:4.2.0.RELEASE]
	at org.springframework.beans.factory.support.DefaultListableBeanFactory.preInstantiateSingletons(DefaultListableBeanFactory.java:772) ~[spring-beans-4.2.0.RELEASE.jar:4.2.0.RELEASE]
	at org.springframework.context.support.AbstractApplicationContext.finishBeanFactoryInitialization(AbstractApplicationContext.java:834) ~[spring-context-4.2.0.RELEASE.jar:4.2.0.RELEASE]
	at org.springframework.context.support.AbstractApplicationContext.refresh(AbstractApplicationContext.java:537) ~[spring-context-4.2.0.RELEASE.jar:4.2.0.RELEASE]
	at org.springframework.context.support.ClassPathXmlApplicationContext.&lt;init&gt;(ClassPathXmlApplicationContext.java:139) [spring-context-4.2.0.RELEASE.jar:4.2.0.RELEASE]
	at org.springframework.context.support.ClassPathXmlApplicationContext.&lt;init&gt;(ClassPathXmlApplicationContext.java:93) [spring-context-4.2.0.RELEASE.jar:4.2.0.RELEASE]
	at org.glassfish.jersey.server.spring.SpringComponentProvider.createXmlSpringConfiguration(SpringComponentProvider.java:173) [jersey-spring3-2.19.jar:na]
	at org.glassfish.jersey.server.spring.SpringComponentProvider.createSpringContext(SpringComponentProvider.java:164) [jersey-spring3-2.19.jar:na]
	at org.glassfish.jersey.server.spring.SpringComponentProvider.initialize(SpringComponentProvider.java:99) [jersey-spring3-2.19.jar:na]
	at org.glassfish.jersey.server.ApplicationHandler$4.get(ApplicationHandler.java:407) [jersey-server-2.19.jar:na]
	at org.glassfish.jersey.server.ApplicationHandler$4.get(ApplicationHandler.java:398) [jersey-server-2.19.jar:na]
	at org.glassfish.jersey.internal.util.collection.Values$LazyValueImpl.get(Values.java:340) [jersey-common-2.19.jar:na]
	at org.glassfish.jersey.server.ApplicationHandler$3.call(ApplicationHandler.java:349) [jersey-server-2.19.jar:na]
	at org.glassfish.jersey.server.ApplicationHandler$3.call(ApplicationHandler.java:346) [jersey-server-2.19.jar:na]
	at org.glassfish.jersey.internal.Errors.process(Errors.java:315) [jersey-common-2.19.jar:na]
	at org.glassfish.jersey.internal.Errors.process(Errors.java:297) [jersey-common-2.19.jar:na]
	at org.glassfish.jersey.internal.Errors.processWithException(Errors.java:255) [jersey-common-2.19.jar:na]
	at org.glassfish.jersey.server.ApplicationHandler.&lt;init&gt;(ApplicationHandler.java:346) [jersey-server-2.19.jar:na]
	at org.glassfish.jersey.server.ApplicationHandler.&lt;init&gt;(ApplicationHandler.java:310) [jersey-server-2.19.jar:na]
	at org.glassfish.jersey.grizzly2.httpserver.GrizzlyHttpContainer.&lt;init&gt;(GrizzlyHttpContainer.java:331) [jersey-container-grizzly2-http-2.19.jar:na]
	at org.glassfish.jersey.grizzly2.httpserver.GrizzlyHttpServerFactory.createHttpServer(GrizzlyHttpServerFactory.java:139) [jersey-container-grizzly2-http-2.19.jar:na]
	at org.glassfish.jersey.test.grizzly.GrizzlyTestContainerFactory$GrizzlyTestContainer.&lt;init&gt;(GrizzlyTestContainerFactory.java:82) [jersey-test-framework-provider-grizzly2-2.19.jar:na]
	at org.glassfish.jersey.test.grizzly.GrizzlyTestContainerFactory$GrizzlyTestContainer.&lt;init&gt;(GrizzlyTestContainerFactory.java:66) [jersey-test-framework-provider-grizzly2-2.19.jar:na]
	at org.glassfish.jersey.test.grizzly.GrizzlyTestContainerFactory.create(GrizzlyTestContainerFactory.java:130) [jersey-test-framework-provider-grizzly2-2.19.jar:na]
	at org.glassfish.jersey.test.JerseyTest.createTestContainer(JerseyTest.java:277) [jersey-test-framework-core-2.19.jar:na]
	at org.glassfish.jersey.test.JerseyTest.setUp(JerseyTest.java:609) [jersey-test-framework-core-2.19.jar:na]
	at sun.reflect.NativeMethodAccessorImpl.invoke0(Native Method) ~[na:1.8.0_60]
	at sun.reflect.NativeMethodAccessorImpl.invoke(NativeMethodAccessorImpl.java:62) ~[na:1.8.0_60]
	at sun.reflect.DelegatingMethodAccessorImpl.invoke(DelegatingMethodAccessorImpl.java:43) ~[na:1.8.0_60]
	at java.lang.reflect.Method.invoke(Method.java:497) ~[na:1.8.0_60]
	at org.junit.runners.model.FrameworkMethod$1.runReflectiveCall(FrameworkMethod.java:50) [junit-4.12.jar:4.12]
	at org.junit.internal.runners.model.ReflectiveCallable.run(ReflectiveCallable.java:12) [junit-4.12.jar:4.12]
	at org.junit.runners.model.FrameworkMethod.invokeExplosively(FrameworkMethod.java:47) [junit-4.12.jar:4.12]
	at org.junit.internal.runners.statements.RunBefores.evaluate(RunBefores.java:24) [junit-4.12.jar:4.12]
	at org.junit.internal.runners.statements.RunAfters.evaluate(RunAfters.java:27) [junit-4.12.jar:4.12]
	at org.junit.runners.ParentRunner.runLeaf(ParentRunner.java:325) [junit-4.12.jar:4.12]
	at org.junit.runners.BlockJUnit4ClassRunner.runChild(BlockJUnit4ClassRunner.java:78) [junit-4.12.jar:4.12]
	at org.junit.runners.BlockJUnit4ClassRunner.runChild(BlockJUnit4ClassRunner.java:57) [junit-4.12.jar:4.12]
	at org.junit.runners.ParentRunner$3.run(ParentRunner.java:290) [junit-4.12.jar:4.12]
	at org.junit.runners.ParentRunner$1.schedule(ParentRunner.java:71) [junit-4.12.jar:4.12]
	at org.junit.runners.ParentRunner.runChildren(ParentRunner.java:288) [junit-4.12.jar:4.12]
	at org.junit.runners.ParentRunner.access$000(ParentRunner.java:58) [junit-4.12.jar:4.12]
	at org.junit.runners.ParentRunner$2.evaluate(ParentRunner.java:268) [junit-4.12.jar:4.12]
	at org.junit.runners.ParentRunner.run(ParentRunner.java:363) [junit-4.12.jar:4.12]
	at org.apache.maven.surefire.junit4.JUnit4Provider.execute(JUnit4Provider.java:252) [surefire-junit4-2.12.4.jar:2.12.4]
	at org.apache.maven.surefire.junit4.JUnit4Provider.executeTestSet(JUnit4Provider.java:141) [surefire-junit4-2.12.4.jar:2.12.4]
	at org.apache.maven.surefire.junit4.JUnit4Provider.invoke(JUnit4Provider.java:112) [surefire-junit4-2.12.4.jar:2.12.4]
	at sun.reflect.NativeMethodAccessorImpl.invoke0(Native Method) ~[na:1.8.0_60]
	at sun.reflect.NativeMethodAccessorImpl.invoke(NativeMethodAccessorImpl.java:62) ~[na:1.8.0_60]
	at sun.reflect.DelegatingMethodAccessorImpl.invoke(DelegatingMethodAccessorImpl.java:43) ~[na:1.8.0_60]
	at java.lang.reflect.Method.invoke(Method.java:497) ~[na:1.8.0_60]
	at org.apache.maven.surefire.util.ReflectionUtils.invokeMethodWithArray(ReflectionUtils.java:189) [surefire-api-2.12.4.jar:2.12.4]
	at org.apache.maven.surefire.booter.ProviderFactory$ProviderProxy.invoke(ProviderFactory.java:165) [surefire-booter-2.12.4.jar:2.12.4]
	at org.apache.maven.surefire.booter.ProviderFactory.invokeProvider(ProviderFactory.java:85) [surefire-booter-2.12.4.jar:2.12.4]
	at org.apache.maven.surefire.booter.ForkedBooter.runSuitesInProcess(ForkedBooter.java:115) [surefire-booter-2.12.4.jar:2.12.4]
	at org.apache.maven.surefire.booter.ForkedBooter.main(ForkedBooter.java:75) [surefire-booter-2.12.4.jar:2.12.4]
Caused by: org.springframework.beans.factory.BeanCreationException: Could not autowire field: private com.sample.wishlist.client.document.DocumentClient com.sample.wishlist.api.generated.DefaultWishlistsResource.documentClient; nested exception is org.springframework.beans.factory.CannotLoadBeanClassException: Cannot find class [com.sample.wishlist.client.documentrepository.DocumentClient] for bean with name &apos;documentClient&apos; defined in class path resource [META-INF/applicationContext.xml]; nested exception is java.lang.ClassNotFoundException: com.sample.wishlist.client.documentrepository.DocumentClient
	at org.springframework.beans.factory.annotation.AutowiredAnnotationBeanPostProcessor$AutowiredFieldElement.inject(AutowiredAnnotationBeanPostProcessor.java:571) ~[spring-beans-4.2.0.RELEASE.jar:4.2.0.RELEASE]
	at org.springframework.beans.factory.annotation.InjectionMetadata.inject(InjectionMetadata.java:88) ~[spring-beans-4.2.0.RELEASE.jar:4.2.0.RELEASE]
	at org.springframework.beans.factory.annotation.AutowiredAnnotationBeanPostProcessor.postProcessPropertyValues(AutowiredAnnotationBeanPostProcessor.java:331) ~[spring-beans-4.2.0.RELEASE.jar:4.2.0.RELEASE]
	... 62 common frames omitted
Caused by: org.springframework.beans.factory.CannotLoadBeanClassException: Cannot find class [com.sample.wishlist.client.documentrepository.DocumentClient] for bean with name &apos;documentClient&apos; defined in class path resource [META-INF/applicationContext.xml]; nested exception is java.lang.ClassNotFoundException: com.sample.wishlist.client.documentrepository.DocumentClient
	at org.springframework.beans.factory.support.AbstractBeanFactory.resolveBeanClass(AbstractBeanFactory.java:1351) ~[spring-beans-4.2.0.RELEASE.jar:4.2.0.RELEASE]
	at org.springframework.beans.factory.support.AbstractAutowireCapableBeanFactory.determineTargetType(AbstractAutowireCapableBeanFactory.java:628) ~[spring-beans-4.2.0.RELEASE.jar:4.2.0.RELEASE]
[...]
	at org.glassfish.jersey.test.JerseyTest.createTestContainer(JerseyTest.java:277)
	at org.glassfish.jersey.test.JerseyTest.setUp(JerseyTest.java:609)
	at sun.reflect.NativeMethodAccessorImpl.invoke0(Native Method)
	at sun.reflect.NativeMethodAccessorImpl.invoke(NativeMethodAccessorImpl.java:62)
	at sun.reflect.DelegatingMethodAccessorImpl.invoke(DelegatingMethodAccessorImpl.java:43)
	at java.lang.reflect.Method.invoke(Method.java:497)
	at org.junit.runners.model.FrameworkMethod$1.runReflectiveCall(FrameworkMethod.java:50)
	at org.junit.internal.runners.model.ReflectiveCallable.run(ReflectiveCallable.java:12)
	at org.junit.runners.model.FrameworkMethod.invokeExplosively(FrameworkMethod.java:47)
	at org.junit.internal.runners.statements.RunBefores.evaluate(RunBefores.java:24)
	at org.junit.internal.runners.statements.RunAfters.evaluate(RunAfters.java:27)
	at org.junit.runners.ParentRunner.runLeaf(ParentRunner.java:325)
	at org.junit.runners.BlockJUnit4ClassRunner.runChild(BlockJUnit4ClassRunner.java:78)
	at org.junit.runners.BlockJUnit4ClassRunner.runChild(BlockJUnit4ClassRunner.java:57)
	at org.junit.runners.ParentRunner$3.run(ParentRunner.java:290)
	at org.junit.runners.ParentRunner$1.schedule(ParentRunner.java:71)
	at org.junit.runners.ParentRunner.runChildren(ParentRunner.java:288)
	at org.junit.runners.ParentRunner.access$000(ParentRunner.java:58)
	at org.junit.runners.ParentRunner$2.evaluate(ParentRunner.java:268)
	at org.junit.runners.ParentRunner.run(ParentRunner.java:363)
	at org.apache.maven.surefire.junit4.JUnit4Provider.execute(JUnit4Provider.java:252)
	at org.apache.maven.surefire.junit4.JUnit4Provider.executeTestSet(JUnit4Provider.java:141)
	at org.apache.maven.surefire.junit4.JUnit4Provider.invoke(JUnit4Provider.java:112)
	at sun.reflect.NativeMethodAccessorImpl.invoke0(Native Method)
	at sun.reflect.NativeMethodAccessorImpl.invoke(NativeMethodAccessorImpl.java:62)
	at sun.reflect.DelegatingMethodAccessorImpl.invoke(DelegatingMethodAccessorImpl.java:43)
	at java.lang.reflect.Method.invoke(Method.java:497)
	at org.apache.maven.surefire.util.ReflectionUtils.invokeMethodWithArray(ReflectionUtils.java:189)
	at org.apache.maven.surefire.booter.ProviderFactory$ProviderProxy.invoke(ProviderFactory.java:165)
	at org.apache.maven.surefire.booter.ProviderFactory.invokeProvider(ProviderFactory.java:85)
	at org.apache.maven.surefire.booter.ForkedBooter.runSuitesInProcess(ForkedBooter.java:115)
	at org.apache.maven.surefire.booter.ForkedBooter.main(ForkedBooter.java:75)
Caused by: org.springframework.beans.factory.BeanCreationException: Could not autowire field: private com.sample.wishlist.client.document.DocumentClient com.sample.wishlist.api.generated.DefaultWishlistsResource.documentClient; nested exception is org.springframework.beans.factory.CannotLoadBeanClassException: Cannot find class [com.sample.wishlist.client.documentrepository.DocumentClient] for bean with name &apos;documentClient&apos; defined in class path resource [META-INF/applicationContext.xml]; nested exception is java.lang.ClassNotFoundException: com.sample.wishlist.client.documentrepository.DocumentClient
	at org.springframework.beans.factory.annotation.AutowiredAnnotationBeanPostProcessor$AutowiredFieldElement.inject(AutowiredAnnotationBeanPostProcessor.java:571)
	at org.springframework.beans.factory.annotation.InjectionMetadata.inject(InjectionMetadata.java:88)
	at org.springframework.beans.factory.annotation.AutowiredAnnotationBeanPostProcessor.postProcessPropertyValues(AutowiredAnnotationBeanPostProcessor.java:331)
	... 62 more
Caused by: org.springframework.beans.factory.CannotLoadBeanClassException: Cannot find class [com.sample.wishlist.client.documentrepository.DocumentClient] for bean with name &apos;documentClient&apos; defined in class path resource [META-INF/applicationContext.xml]; nested exception is java.lang.ClassNotFoundException: com.sample.wishlist.client.documentrepository.DocumentClient
	at org.springframework.beans.factory.support.AbstractBeanFactory.resolveBeanClass(AbstractBeanFactory.java:1351)
	at org.springframework.beans.factory.support.AbstractAutowireCapableBeanFactory.determineTargetType(AbstractAutowireCapableBeanFactory.java:628)
	at org.springframework.beans.factory.support.AbstractAutowireCapableBeanFactory.predictBeanType(AbstractAutowireCapableBeanFactory.java:597)
	at org.springframework.beans.factory.support.AbstractBeanFactory.isFactoryBean(AbstractBeanFactory.java:1444)
	at org.springframework.beans.factory.support.DefaultListableBeanFactory.doGetBeanNamesForType(DefaultListableBeanFactory.java:445)
	at org.springframework.beans.factory.support.DefaultListableBeanFactory.getBeanNamesForType(DefaultListableBeanFactory.java:423)
	at org.springframework.beans.factory.BeanFactoryUtils.beanNamesForTypeIncludingAncestors(BeanFactoryUtils.java:220)
	at org.springframework.beans.factory.support.DefaultListableBeanFactory.findAutowireCandidates(DefaultListableBeanFactory.java:1130)
	at org.springframework.beans.factory.support.DefaultListableBeanFactory.doResolveDependency(DefaultListableBeanFactory.java:1069)
	at org.springframework.beans.factory.support.DefaultListableBeanFactory.resolveDependency(DefaultListableBeanFactory.java:967)
	at org.springframework.beans.factory.annotation.AutowiredAnnotationBeanPostProcessor$AutowiredFieldElement.inject(AutowiredAnnotationBeanPostProcessor.java:543)
	... 64 more
Caused by: java.lang.ClassNotFoundException: com.sample.wishlist.client.documentrepository.DocumentClient
	at java.net.URLClassLoader.findClass(URLClassLoader.java:381)
	at java.lang.ClassLoader.loadClass(ClassLoader.java:424)
	at sun.misc.Launcher$AppClassLoader.loadClass(Launcher.java:331)
	at java.lang.ClassLoader.loadClass(ClassLoader.java:357)
	at org.springframework.util.ClassUtils.forName(ClassUtils.java:250)
	at org.springframework.beans.factory.support.AbstractBeanDefinition.resolveBeanClass(AbstractBeanDefinition.java:394)
	at org.springframework.beans.factory.support.AbstractBeanFactory.doResolveBeanClass(AbstractBeanFactory.java:1396)
	at org.springframework.beans.factory.support.AbstractBeanFactory.resolveBeanClass(AbstractBeanFactory.java:1343)
	... 74 more
</error>
    <system-out>10:24:23 &amp;#27;[31m[WARN ]&amp;#27;[0;39m &amp;#27;[36m[o.s.c.s.ClassPathXmlApplicationContext]&amp;#27;[0;39m &amp;#27;[35m[]&amp;#27;[0;39m &amp;#27;[1;34m&amp;#27;[0;39mException encountered during context initialization - cancelling refresh attempt
org.springframework.beans.factory.BeanCreationException: Error creating bean with name &apos;apiWishlistsResource&apos;: Injection of autowired dependencies failed; nested exception is org.springframework.beans.factory.BeanCreationException: Could not autowire field: private com.sample.wishlist.client.document.DocumentClient com.sample.wishlist.api.generated.DefaultWishlistsResource.documentClient; nested exception is org.springframework.beans.factory.CannotLoadBeanClassException: Cannot find class [com.sample.wishlist.client.documentrepository.DocumentClient] for bean with name &apos;documentClient&apos; defined in class path resource [META-INF/applicationContext.xml]; nested exception is java.lang.ClassNotFoundException: com.sample.wishlist.client.documentrepository.DocumentClient
	at org.springframework.beans.factory.annotation.AutowiredAnnotationBeanPostProcessor.postProcessPropertyValues(AutowiredAnnotationBeanPostProcessor.java:334) ~[spring-beans-4.2.0.RELEASE.jar:4.2.0.RELEASE]
	at org.springframework.beans.factory.support.AbstractAutowireCapableBeanFactory.populateBean(AbstractAutowireCapableBeanFactory.java:1214) ~[spring-beans-4.2.0.RELEASE.jar:4.2.0.RELEASE]
	at org.springframework.beans.factory.support.AbstractAutowireCapableBeanFactory.doCreateBean(AbstractAutowireCapableBeanFactory.java:543) ~[spring-beans-4.2.0.RELEASE.jar:4.2.0.RELEASE]
	at org.springframework.beans.factory.support.AbstractAutowireCapableBeanFactory.createBean(AbstractAutowireCapableBeanFactory.java:482) ~[spring-beans-4.2.0.RELEASE.jar:4.2.0.RELEASE]
	at org.springframework.beans.factory.support.AbstractBeanFactory$1.getObject(AbstractBeanFactory.java:305) ~[spring-beans-4.2.0.RELEASE.jar:4.2.0.RELEASE]
	at org.springframework.beans.factory.support.DefaultSingletonBeanRegistry.getSingleton(DefaultSingletonBeanRegistry.java:230) ~[spring-beans-4.2.0.RELEASE.jar:4.2.0.RELEASE]
	at org.springframework.beans.factory.support.AbstractBeanFactory.doGetBean(AbstractBeanFactory.java:301) ~[spring-beans-4.2.0.RELEASE.jar:4.2.0.RELEASE]
	at org.springframework.beans.factory.support.AbstractBeanFactory.getBean(AbstractBeanFactory.java:196) ~[spring-beans-4.2.0.RELEASE.jar:4.2.0.RELEASE]
	at org.springframework.beans.factory.support.DefaultListableBeanFactory.preInstantiateSingletons(DefaultListableBeanFactory.java:772) ~[spring-beans-4.2.0.RELEASE.jar:4.2.0.RELEASE]
	at org.springframework.context.support.AbstractApplicationContext.finishBeanFactoryInitialization(AbstractApplicationContext.java:834) ~[spring-context-4.2.0.RELEASE.jar:4.2.0.RELEASE]
	at org.springframework.context.support.AbstractApplicationContext.refresh(AbstractApplicationContext.java:537) ~[spring-context-4.2.0.RELEASE.jar:4.2.0.RELEASE]
	at org.springframework.context.support.ClassPathXmlApplicationContext.&lt;init&gt;(ClassPathXmlApplicationContext.java:139) [spring-context-4.2.0.RELEASE.jar:4.2.0.RELEASE]
	at org.springframework.context.support.ClassPathXmlApplicationContext.&lt;init&gt;(ClassPathXmlApplicationContext.java:93) [spring-context-4.2.0.RELEASE.jar:4.2.0.RELEASE]
	at org.glassfish.jersey.server.spring.SpringComponentProvider.createXmlSpringConfiguration(SpringComponentProvider.java:173) [jersey-spring3-2.19.jar:na]
	at org.glassfish.jersey.server.spring.SpringComponentProvider.createSpringContext(SpringComponentProvider.java:164) [jersey-spring3-2.19.jar:na]
	at org.glassfish.jersey.server.spring.SpringComponentProvider.initialize(SpringComponentProvider.java:99) [jersey-spring3-2.19.jar:na]
	at org.glassfish.jersey.server.ApplicationHandler$4.get(ApplicationHandler.java:407) [jersey-server-2.19.jar:na]
	at org.glassfish.jersey.server.ApplicationHandler$4.get(ApplicationHandler.java:398) [jersey-server-2.19.jar:na]
	at org.glassfish.jersey.internal.util.collection.Values$LazyValueImpl.get(Values.java:340) [jersey-common-2.19.jar:na]
	at org.glassfish.jersey.server.ApplicationHandler$3.call(ApplicationHandler.java:349) [jersey-server-2.19.jar:na]
	at org.glassfish.jersey.server.ApplicationHandler$3.call(ApplicationHandler.java:346) [jersey-server-2.19.jar:na]
	at org.glassfish.jersey.internal.Errors.process(Errors.java:315) [jersey-common-2.19.jar:na]
	at org.glassfish.jersey.internal.Errors.process(Errors.java:297) [jersey-common-2.19.jar:na]
	at org.glassfish.jersey.internal.Errors.processWithException(Errors.java:255) [jersey-common-2.19.jar:na]
	at org.glassfish.jersey.server.ApplicationHandler.&lt;init&gt;(ApplicationHandler.java:346) [jersey-server-2.19.jar:na]
	at org.glassfish.jersey.server.ApplicationHandler.&lt;init&gt;(ApplicationHandler.java:310) [jersey-server-2.19.jar:na]
	at org.glassfish.jersey.grizzly2.httpserver.GrizzlyHttpContainer.&lt;init&gt;(GrizzlyHttpContainer.java:331) [jersey-container-grizzly2-http-2.19.jar:na]
	at org.glassfish.jersey.grizzly2.httpserver.GrizzlyHttpServerFactory.createHttpServer(GrizzlyHttpServerFactory.java:139) [jersey-container-grizzly2-http-2.19.jar:na]
	at org.glassfish.jersey.test.grizzly.GrizzlyTestContainerFactory$GrizzlyTestContainer.&lt;init&gt;(GrizzlyTestContainerFactory.java:82) [jersey-test-framework-provider-grizzly2-2.19.jar:na]
	at org.glassfish.jersey.test.grizzly.GrizzlyTestContainerFactory$GrizzlyTestContainer.&lt;init&gt;(GrizzlyTestContainerFactory.java:66) [jersey-test-framework-provider-grizzly2-2.19.jar:na]
	at org.glassfish.jersey.test.grizzly.GrizzlyTestContainerFactory.create(GrizzlyTestContainerFactory.java:130) [jersey-test-framework-provider-grizzly2-2.19.jar:na]
	at org.glassfish.jersey.test.JerseyTest.createTestContainer(JerseyTest.java:277) [jersey-test-framework-core-2.19.jar:na]
	at org.glassfish.jersey.test.JerseyTest.setUp(JerseyTest.java:609) [jersey-test-framework-core-2.19.jar:na]
	at sun.reflect.NativeMethodAccessorImpl.invoke0(Native Method) ~[na:1.8.0_60]
	at sun.reflect.NativeMethodAccessorImpl.invoke(NativeMethodAccessorImpl.java:62) ~[na:1.8.0_60]
	at sun.reflect.DelegatingMethodAccessorImpl.invoke(DelegatingMethodAccessorImpl.java:43) ~[na:1.8.0_60]
	at java.lang.reflect.Method.invoke(Method.java:497) ~[na:1.8.0_60]
	at org.junit.runners.model.FrameworkMethod$1.runReflectiveCall(FrameworkMethod.java:50) [junit-4.12.jar:4.12]
	at org.junit.internal.runners.model.ReflectiveCallable.run(ReflectiveCallable.java:12) [junit-4.12.jar:4.12]
	at org.junit.runners.model.FrameworkMethod.invokeExplosively(FrameworkMethod.java:47) [junit-4.12.jar:4.12]
	at org.junit.internal.runners.statements.RunBefores.evaluate(RunBefores.java:24) [junit-4.12.jar:4.12]
	at org.junit.internal.runners.statements.RunAfters.evaluate(RunAfters.java:27) [junit-4.12.jar:4.12]
	at org.junit.runners.ParentRunner.runLeaf(ParentRunner.java:325) [junit-4.12.jar:4.12]
	at org.junit.runners.BlockJUnit4ClassRunner.runChild(BlockJUnit4ClassRunner.java:78) [junit-4.12.jar:4.12]
	at org.junit.runners.BlockJUnit4ClassRunner.runChild(BlockJUnit4ClassRunner.java:57) [junit-4.12.jar:4.12]
	at org.junit.runners.ParentRunner$3.run(ParentRunner.java:290) [junit-4.12.jar:4.12]
	at org.junit.runners.ParentRunner$1.schedule(ParentRunner.java:71) [junit-4.12.jar:4.12]
	at org.junit.runners.ParentRunner.runChildren(ParentRunner.java:288) [junit-4.12.jar:4.12]
	at org.junit.runners.ParentRunner.access$000(ParentRunner.java:58) [junit-4.12.jar:4.12]
	at org.junit.runners.ParentRunner$2.evaluate(ParentRunner.java:268) [junit-4.12.jar:4.12]
	at org.junit.runners.ParentRunner.run(ParentRunner.java:363) [junit-4.12.jar:4.12]
	at org.apache.maven.surefire.junit4.JUnit4Provider.execute(JUnit4Provider.java:252) [surefire-junit4-2.12.4.jar:2.12.4]
	at org.apache.maven.surefire.junit4.JUnit4Provider.executeTestSet(JUnit4Provider.java:141) [surefire-junit4-2.12.4.jar:2.12.4]
	at org.apache.maven.surefire.junit4.JUnit4Provider.invoke(JUnit4Provider.java:112) [surefire-junit4-2.12.4.jar:2.12.4]
	at sun.reflect.NativeMethodAccessorImpl.invoke0(Native Method) ~[na:1.8.0_60]
	at sun.reflect.NativeMethodAccessorImpl.invoke(NativeMethodAccessorImpl.java:62) ~[na:1.8.0_60]
	at sun.reflect.DelegatingMethodAccessorImpl.invoke(DelegatingMethodAccessorImpl.java:43) ~[na:1.8.0_60]
	at java.lang.reflect.Method.invoke(Method.java:497) ~[na:1.8.0_60]
	at org.apache.maven.surefire.util.ReflectionUtils.invokeMethodWithArray(ReflectionUtils.java:189) [surefire-api-2.12.4.jar:2.12.4]
	at org.apache.maven.surefire.booter.ProviderFactory$ProviderProxy.invoke(ProviderFactory.java:165) [surefire-booter-2.12.4.jar:2.12.4]
	at org.apache.maven.surefire.booter.ProviderFactory.invokeProvider(ProviderFactory.java:85) [surefire-booter-2.12.4.jar:2.12.4]
	at org.apache.maven.surefire.booter.ForkedBooter.runSuitesInProcess(ForkedBooter.java:115) [surefire-booter-2.12.4.jar:2.12.4]
	at org.apache.maven.surefire.booter.ForkedBooter.main(ForkedBooter.java:75) [surefire-booter-2.12.4.jar:2.12.4]
Caused by: org.springframework.beans.factory.BeanCreationException: Could not autowire field: private com.sample.wishlist.client.document.DocumentClient com.sample.wishlist.api.generated.DefaultWishlistsResource.documentClient; nested exception is org.springframework.beans.factory.CannotLoadBeanClassException: Cannot find class [com.sample.wishlist.client.documentrepository.DocumentClient] for bean with name &apos;documentClient&apos; defined in class path resource [META-INF/applicationContext.xml]; nested exception is java.lang.ClassNotFoundException: com.sample.wishlist.client.documentrepository.DocumentClient
	at org.springframework.beans.factory.annotation.AutowiredAnnotationBeanPostProcessor$AutowiredFieldElement.inject(AutowiredAnnotationBeanPostProcessor.java:571) ~[spring-beans-4.2.0.RELEASE.jar:4.2.0.RELEASE]
	at org.springframework.beans.factory.annotation.InjectionMetadata.inject(InjectionMetadata.java:88) ~[spring-beans-4.2.0.RELEASE.jar:4.2.0.RELEASE]
	at org.springframework.beans.factory.annotation.AutowiredAnnotationBeanPostProcessor.postProcessPropertyValues(AutowiredAnnotationBeanPostProcessor.java:331) ~[spring-beans-4.2.0.RELEASE.jar:4.2.0.RELEASE]
	... 62 common frames omitted
Caused by: org.springframework.beans.factory.CannotLoadBeanClassException: Cannot find class [com.sample.wishlist.client.documentrepository.DocumentClient] for bean with name &apos;documentClient&apos; defined in class path resource [META-INF/applicationContext.xml]; nested exception is java.lang.ClassNotFoundException: com.sample.wishlist.client.documentrepository.DocumentClient
	at org.springframework.beans.factory.support.AbstractBeanFactory.resolveBeanClass(AbstractBeanFactory.java:1351) ~[spring-beans-4.2.0.RELEASE.jar:4.2.0.RELEASE]
	at org.springframework.beans.factory.support.AbstractAutowireCapableBeanFactory.determineTargetType(AbstractAutowireCapableBeanFactory.java:628) ~[spring-beans-4.2.0.RELEASE.jar:4.2.0.RELEASE]
	at org.springframework.beans.factory.support.AbstractAutowireCapableBeanFactory.predictBeanType(AbstractAutowireCapableBeanFactory.java:597) ~[spring-beans-4.2.0.RELEASE.jar:4.2.0.RELEASE]
	at org.springframework.beans.factory.support.AbstractBeanFactory.isFactoryBean(AbstractBeanFactory.java:1444) ~[spring-beans-4.2.0.RELEASE.jar:4.2.0.RELEASE]
	at org.springframework.beans.factory.support.DefaultListableBeanFactory.doGetBeanNamesForType(DefaultListableBeanFactory.java:445) ~[spring-beans-4.2.0.RELEASE.jar:4.2.0.RELEASE]
	at org.springframework.beans.factory.support.DefaultListableBeanFactory.getBeanNamesForType(DefaultListableBeanFactory.java:423) ~[spring-beans-4.2.0.RELEASE.jar:4.2.0.RELEASE]
	at org.springframework.beans.factory.BeanFactoryUtils.beanNamesForTypeIncludingAncestors(BeanFactoryUtils.java:220) ~[spring-beans-4.2.0.RELEASE.jar:4.2.0.RELEASE]
	at org.springframework.beans.factory.support.DefaultListableBeanFactory.findAutowireCandidates(DefaultListableBeanFactory.java:1130) ~[spring-beans-4.2.0.RELEASE.jar:4.2.0.RELEASE]
	at org.springframework.beans.factory.support.DefaultListableBeanFactory.doResolveDependency(DefaultListableBeanFactory.java:1069) ~[spring-beans-4.2.0.RELEASE.jar:4.2.0.RELEASE]
	at org.springframework.beans.factory.support.DefaultListableBeanFactory.resolveDependency(DefaultListableBeanFactory.java:967) ~[spring-beans-4.2.0.RELEASE.jar:4.2.0.RELEASE]
	at org.springframework.beans.factory.annotation.AutowiredAnnotationBeanPostProcessor$AutowiredFieldElement.inject(AutowiredAnnotationBeanPostProcessor.java:543) ~[spring-beans-4.2.0.RELEASE.jar:4.2.0.RELEASE]
	... 64 common frames omitted
Caused by: java.lang.ClassNotFoundException: com.sample.wishlist.client.documentrepository.DocumentClient
	at java.net.URLClassLoader.findClass(URLClassLoader.java:381) ~[na:1.8.0_60]
	at java.lang.ClassLoader.loadClass(ClassLoader.java:424) ~[na:1.8.0_60]
	at sun.misc.Launcher$AppClassLoader.loadClass(Launcher.java:331) ~[na:1.8.0_60]
	at java.lang.ClassLoader.loadClass(ClassLoader.java:357) ~[na:1.8.0_60]
	at org.springframework.util.ClassUtils.forName(ClassUtils.java:250) ~[spring-core-4.2.0.RELEASE.jar:4.2.0.RELEASE]
	at org.springframework.beans.factory.support.AbstractBeanDefinition.resolveBeanClass(AbstractBeanDefinition.java:394) ~[spring-beans-4.2.0.RELEASE.jar:4.2.0.RELEASE]
	at org.springframework.beans.factory.support.AbstractBeanFactory.doResolveBeanClass(AbstractBeanFactory.java:1396) ~[spring-beans-4.2.0.RELEASE.jar:4.2.0.RELEASE]
	at org.springframework.beans.factory.support.AbstractBeanFactory.resolveBeanClass(AbstractBeanFactory.java:1343) ~[spring-beans-4.2.0.RELEASE.jar:4.2.0.RELEASE]
	... 74 common frames omitted
</system-out>
  </testcase>
</testsuite>